diaSesion = 
1 2 3 4 8 11 12 15
7 7 11 12 14 15 17 19
5 8 11 12 14 15 17 19
5 7 11 12 14 15 17 19
3 4 6 7 11 15 16 19
3 3 6 8 10 13 14 17
6 7 11 12 13 16 17 20
6 7 11 11 13 16 17 20
6 7 11 11 13 16 17 20
6 7 9 11 13 15 16 20
9 10 12 13 15 18 18 19
9 10 12 12 14 16 16 19
9 10 12 12 14 16 16 19
6 7 11 12 14 17 17 20
6 7 11 12 14 16 17 20
;
SalaDia = [1, 1, 1, 1, 1, 1, 1, 1, 1, 1, 1, 1, 1, 1, 1, 1, 1, 1, 1, 1, 1, 1, 1, 1, 1, 1, 1, 1, 1, 1, 1, 1, 1, 1, 1, 1, 1, 1, 1, 1, 1, 1, 1, 1, 1, 1, 1, 1, 1, 1, 1, 1, 1, 1, 1, 1, 1, 1, 1, 1, 1, 1, 1, 1, 1, 1, 1, 1, 1, 1, 1, 1, 1, 1, 1, 1, 1, 1, 1, 1, 1, 1, 1, 1, 1, 1, 1, 1, 1, 1, 1, 1, 1, 1, 1, 1, 1, 1, 1, 1, 1, 1, 1, 1, 1, 1, 1, 1, 1, 1, 1, 1, 1, 1, 1, 1, 1, 1, 1, 1];
obj = 3;
% time elapsed: 7200.80 s
----------
% Time limit exceeded!
