diaSesion = 
1 2 5 6 8 11 12 15
1 1 3 4 6 9 10 13
6 7 8 10 11 14 15 18
6 7 8 10 11 14 15 18
6 6 8 10 11 14 15 18
6 6 8 10 11 14 15 18
8 9 11 11 13 16 17 20
8 9 10 11 13 16 17 20
7 7 9 10 12 15 16 19
6 7 9 11 13 16 17 20
6 7 9 12 13 16 17 20
8 9 12 14 15 16 18 20
8 9 11 12 13 16 17 20
7 8 10 12 12 15 16 19
6 7 10 12 13 16 17 20
;
SalaDia = [1, 1, 1, 1, 1, 1, 1, 1, 1, 1, 1, 1, 1, 1, 1, 1, 1, 1, 1, 1, 1, 1, 1, 1, 1, 1, 1, 1, 1, 1, 1, 1, 1, 1, 1, 1, 1, 1, 1, 1, 1, 1, 1, 1, 1, 1, 1, 1, 1, 1, 1, 1, 1, 1, 1, 1, 1, 1, 1, 1, 1, 1, 1, 1, 1, 1, 1, 1, 1, 1, 1, 1, 1, 1, 1, 1, 1, 1, 1, 1, 1, 1, 1, 1, 1, 1, 1, 1, 1, 1, 1, 1, 1, 1, 1, 1, 1, 1, 1, 1, 1, 1, 1, 1, 1, 1, 1, 1, 1, 1, 1, 1, 1, 1, 1, 1, 1, 1, 1, 1];
obj = 1;
% time elapsed: 89.07 s
----------
==========
% time elapsed: 89.07 s
