diaSesion = 
9 12 13 15 16 16 17 20
8 12 13 16 16 16 16 19
8 12 12 15 16 16 16 18
9 11 13 15 15 16 16 17
7 7 10 12 13 13 15 16
7 7 10 11 11 11 12 15
7 7 10 11 11 11 12 15
6 6 10 12 13 13 15 16
6 6 7 11 12 13 14 16
2 3 3 5 6 6 9 12
1 4 6 9 11 12 14 16
8 12 12 14 14 14 15 16
8 12 12 14 14 14 15 16
8 10 12 14 14 14 15 16
8 10 12 13 13 14 15 16
;
SalaDia = [1, 1, 1, 1, 1, 1, 1, 1, 1, 1, 1, 1, 1, 1, 1, 1, 1, 1, 1, 1, 1, 1, 1, 1, 1, 1, 1, 1, 1, 1, 1, 1, 1, 1, 1, 1, 1, 1, 1, 1, 1, 1, 1, 1, 1, 1, 1, 1, 1, 1, 1, 1, 1, 1, 1, 1, 1, 1, 1, 1, 1, 1, 1, 1, 1, 1, 1, 1, 1, 1, 1, 1, 1, 1, 1, 1, 1, 1, 1, 1, 1, 1, 1, 1, 1, 1, 1, 1, 1, 1, 1, 1, 1, 1, 1, 1, 1, 1, 1, 1, 1, 1, 1, 1, 1, 1, 1, 1, 1, 1, 1, 1, 1, 1, 1, 1, 1, 1, 1, 1];
obj = 8;
% time elapsed: 7201.14 s
----------
