diaSesion = 
8 11 12 15 17 18 20 20
9 11 13 14 16 16 18 20
9 11 13 14 15 16 18 20
9 10 11 12 14 15 17 19
9 10 11 13 13 16 17 20
7 8 11 13 14 17 18 20
7 8 11 13 14 17 18 20
7 8 11 13 14 17 18 20
1 2 3 6 7 10 11 14
6 11 12 15 16 17 19 20
8 10 12 13 15 16 18 20
5 6 10 11 13 14 16 18
3 4 7 8 10 11 13 15
6 7 10 12 13 16 17 19
6 7 10 12 12 15 16 19
;
SalaDia = [1, 1, 1, 1, 1, 1, 1, 1, 1, 1, 1, 1, 1, 1, 1, 1, 1, 1, 1, 1, 1, 1, 1, 1, 1, 1, 1, 1, 1, 1, 1, 1, 1, 1, 1, 1, 1, 1, 1, 1, 1, 1, 1, 1, 1, 1, 1, 1, 1, 1, 1, 1, 1, 1, 1, 1, 1, 1, 1, 1, 1, 1, 1, 1, 1, 1, 1, 1, 1, 1, 1, 1, 1, 1, 1, 1, 1, 1, 1, 1, 1, 1, 1, 1, 1, 1, 1, 1, 1, 1, 1, 1, 1, 1, 1, 1, 1, 1, 1, 1, 1, 1, 1, 1, 1, 1, 1, 1, 1, 1, 1, 1, 1, 1, 1, 1, 1, 1, 1, 1];
obj = 2;
% time elapsed: 7200.73 s
----------
