diaSesion = 
1 2 5 6 8 9 11 12
1 2 3 4 6 7 9 10
1 1 3 4 6 7 9 10
2 6 7 10 11 14 15 18
6 6 8 9 11 12 14 16
6 6 8 9 11 12 14 16
2 3 6 7 9 10 12 14
7 7 9 10 12 13 15 16
6 8 9 12 13 16 17 20
2 6 7 10 11 14 15 18
2 6 7 10 11 14 15 18
8 10 12 13 15 16 18 19
7 9 11 12 14 15 17 18
7 8 10 11 12 13 15 16
7 8 10 10 12 13 15 16
;
SalaDia = [1, 1, 1, 1, 1, 1, 1, 1, 1, 1, 1, 1, 1, 1, 1, 1, 1, 1, 1, 1, 1, 1, 1, 1, 1, 1, 1, 1, 1, 1, 1, 1, 1, 1, 1, 1, 1, 1, 1, 1, 1, 1, 1, 1, 1, 1, 1, 1, 1, 1, 1, 1, 1, 1, 1, 1, 1, 1, 1, 1, 1, 1, 1, 1, 1, 1, 1, 1, 1, 1, 1, 1, 1, 1, 1, 1, 1, 1, 1, 1, 1, 1, 1, 1, 1, 1, 1, 1, 1, 1, 1, 1, 1, 1, 1, 1, 1, 1, 1, 1, 1, 1, 1, 1, 1, 1, 1, 1, 1, 1, 1, 1, 1, 1, 1, 1, 1, 1, 1, 1];
obj = 1;
% time elapsed: 37.93 s
----------
==========
% time elapsed: 37.93 s
