diaSesion = 
7 7 9 10 12 13 15 17
6 6 8 9 11 12 14 16
6 6 8 9 11 12 14 16
9 10 12 13 15 15 17 18
9 10 12 13 15 15 17 18
8 10 12 13 15 16 18 19
9 11 13 14 16 17 19 20
1 2 4 5 6 7 9 11
1 1 3 4 6 7 9 11
9 11 13 14 16 17 19 20
6 7 10 11 13 14 16 17
6 7 10 11 13 14 16 17
9 9 11 12 14 15 17 19
7 8 11 12 14 15 17 19
7 8 10 11 12 13 15 17
;
SalaDia = [1, 1, 1, 1, 1, 1, 1, 1, 1, 1, 1, 1, 1, 1, 1, 1, 1, 1, 1, 1, 1, 1, 1, 1, 1, 1, 1, 1, 1, 1, 1, 1, 1, 1, 1, 1, 1, 1, 1, 1, 1, 1, 1, 1, 1, 1, 1, 1, 1, 1, 1, 1, 1, 1, 1, 1, 1, 1, 1, 1, 1, 1, 1, 1, 1, 1, 1, 1, 1, 1, 1, 1, 1, 1, 1, 1, 1, 1, 1, 1, 1, 1, 1, 1, 1, 1, 1, 1, 1, 1, 1, 1, 1, 1, 1, 1, 1, 1, 1, 1, 1, 1, 1, 1, 1, 1, 1, 1, 1, 1, 1, 1, 1, 1, 1, 1, 1, 1, 1, 1];
obj = 1;
% time elapsed: 1289.67 s
----------
==========
% time elapsed: 1289.68 s
