diaSesion = 
8 11 12 15 15 16 18 19
1 2 4 6 6 9 10 13
9 11 12 15 16 17 19 20
6 9 10 12 13 14 16 17
8 9 11 12 13 16 17 20
8 9 11 12 13 16 17 20
6 7 10 12 13 16 17 20
4 6 8 10 11 14 15 18
8 9 10 12 13 16 17 20
7 8 10 12 12 15 16 19
7 11 12 15 16 17 19 20
8 9 11 13 14 17 17 20
8 9 11 13 14 17 17 20
6 7 10 12 13 16 17 20
3 5 7 9 10 13 14 17
;
SalaDia = [1, 1, 1, 1, 1, 1, 1, 1, 1, 1, 1, 1, 1, 1, 1, 1, 1, 1, 1, 1, 1, 1, 1, 1, 1, 1, 1, 1, 1, 1, 1, 1, 1, 1, 1, 1, 1, 1, 1, 1, 1, 1, 1, 1, 1, 1, 1, 1, 1, 1, 1, 1, 1, 1, 1, 1, 1, 1, 1, 1, 1, 1, 1, 1, 1, 1, 1, 1, 1, 1, 1, 1, 1, 1, 1, 1, 1, 1, 1, 1, 1, 1, 1, 1, 1, 1, 1, 1, 1, 1, 1, 1, 1, 1, 1, 1, 1, 1, 1, 1, 1, 1, 1, 1, 1, 1, 1, 1, 1, 1, 1, 1, 1, 1, 1, 1, 1, 1, 1, 1];
obj = 1;
% time elapsed: 185.30 s
----------
==========
% time elapsed: 185.30 s
