diaSesion = 
9 11 12 15 16 17 19 20
7 7 9 11 12 15 16 19
9 11 12 15 16 17 19 20
8 11 11 14 15 16 18 19
7 7 9 11 12 15 16 19
6 7 10 12 13 16 17 20
6 7 10 12 13 16 17 20
1 1 3 5 6 9 10 13
4 6 8 10 11 14 15 18
2 4 6 8 9 12 13 16
8 11 11 14 15 16 18 19
8 9 10 12 13 16 17 20
8 9 10 12 13 16 17 20
8 9 10 12 13 16 17 20
8 9 10 12 13 16 17 20
;
SalaDia = [1, 1, 1, 1, 1, 1, 1, 1, 1, 1, 1, 1, 1, 1, 1, 1, 1, 1, 1, 1, 1, 1, 1, 1, 1, 1, 1, 1, 1, 1, 1, 1, 1, 1, 1, 1, 1, 1, 1, 1, 1, 1, 1, 1, 1, 1, 1, 1, 1, 1, 1, 1, 1, 1, 1, 1, 1, 1, 1, 1, 1, 1, 1, 1, 1, 1, 1, 1, 1, 1, 1, 1, 1, 1, 1, 1, 1, 1, 1, 1, 1, 1, 1, 1, 1, 1, 1, 1, 1, 1, 1, 1, 1, 1, 1, 1, 1, 1, 1, 1, 1, 1, 1, 1, 1, 1, 1, 1, 1, 1, 1, 1, 1, 1, 1, 1, 1, 1, 1, 1];
obj = 1;
% time elapsed: 132.46 s
----------
==========
% time elapsed: 132.46 s
