diaSesion = 
8 11 12 15 16 17 19 20
6 7 9 11 12 13 15 17
6 7 9 11 12 13 15 17
6 7 9 11 12 15 16 19
6 7 9 11 12 15 16 19
5 6 8 10 11 14 15 18
5 6 8 10 11 14 15 18
2 3 5 7 8 11 12 15
1 2 4 6 7 10 11 14
1 2 4 6 7 10 11 14
1 2 4 6 7 10 11 14
8 11 12 15 16 17 19 20
1 2 4 6 7 8 10 12
8 9 11 13 14 15 17 19
8 9 11 13 14 15 17 19
;
SalaDia = [1, 1, 1, 1, 1, 1, 1, 1, 1, 1, 1, 1, 1, 1, 1, 1, 1, 1, 1, 1, 1, 1, 1, 1, 1, 1, 1, 1, 1, 1, 1, 1, 1, 1, 1, 1, 1, 1, 1, 1, 1, 1, 1, 1, 1, 1, 1, 1, 1, 1, 1, 1, 1, 1, 1, 1, 1, 1, 1, 1, 1, 1, 1, 1, 1, 1, 1, 1, 1, 1, 1, 1, 1, 1, 1, 1, 1, 1, 1, 1, 1, 1, 1, 1, 1, 1, 1, 1, 1, 1, 1, 1, 1, 1, 1, 1, 1, 1, 1, 1, 1, 1, 1, 1, 1, 1, 1, 1, 1, 1, 1, 1, 1, 1, 1, 1, 1, 1, 1, 1];
obj = 0;
% time elapsed: 2.04 s
----------
==========
% time elapsed: 2.05 s
