diaSesion = 
8 9 10 11 13 16 17 20
8 9 10 11 13 16 17 20
7 7 9 11 12 15 16 19
6 8 10 12 13 16 17 20
6 6 8 10 11 14 15 18
6 6 8 10 11 14 15 18
6 6 8 9 11 14 15 18
6 6 8 9 11 14 15 18
1 2 5 6 8 11 12 15
1 1 3 4 6 9 10 13
7 7 9 11 12 15 16 19
9 10 12 13 14 15 17 19
7 8 10 12 12 15 16 19
7 8 10 12 12 15 16 19
7 7 9 11 12 15 16 19
;
SalaDia = [1, 1, 1, 1, 1, 1, 1, 1, 1, 1, 1, 1, 1, 1, 1, 1, 1, 1, 1, 1, 1, 1, 1, 1, 1, 1, 1, 1, 1, 1, 1, 1, 1, 1, 1, 1, 1, 1, 1, 1, 1, 1, 1, 1, 1, 1, 1, 1, 1, 1, 1, 1, 1, 1, 1, 1, 1, 1, 1, 1, 1, 1, 1, 1, 1, 1, 1, 1, 1, 1, 1, 1, 1, 1, 1, 1, 1, 1, 1, 1, 1, 1, 1, 1, 1, 1, 1, 1, 1, 1, 1, 1, 1, 1, 1, 1, 1, 1, 1, 1, 1, 1, 1, 1, 1, 1, 1, 1, 1, 1, 1, 1, 1, 1, 1, 1, 1, 1, 1, 1];
obj = 1;
% time elapsed: 102.52 s
----------
==========
% time elapsed: 102.52 s
