diaSesion = 
9 10 11 12 14 15 17 19
8 10 12 13 15 16 18 20
7 9 11 12 14 15 17 19
6 7 10 11 13 14 16 18
1 2 4 5 7 9 11 13
6 7 10 12 13 14 16 18
6 7 10 12 13 14 16 18
8 10 12 13 15 16 18 20
8 10 12 13 15 16 18 20
7 9 11 12 14 15 17 19
6 7 10 11 13 14 16 18
5 6 8 11 12 13 15 17
3 4 6 9 10 11 13 15
9 10 12 12 14 15 17 19
7 8 11 12 14 15 17 19
;
SalaDia = [1, 1, 1, 1, 1, 1, 1, 1, 1, 1, 1, 1, 1, 1, 1, 1, 1, 1, 1, 1, 1, 1, 1, 1, 1, 1, 1, 1, 1, 1, 1, 1, 1, 1, 1, 1, 1, 1, 1, 1, 1, 1, 1, 1, 1, 1, 1, 1, 1, 1, 1, 1, 1, 1, 1, 1, 1, 1, 1, 1, 1, 1, 1, 1, 1, 1, 1, 1, 1, 1, 1, 1, 1, 1, 1, 1, 1, 1, 1, 1, 1, 1, 1, 1, 1, 1, 1, 1, 1, 1, 1, 1, 1, 1, 1, 1, 1, 1, 1, 1, 1, 1, 1, 1, 1, 1, 1, 1, 1, 1, 1, 1, 1, 1, 1, 1, 1, 1, 1, 1];
obj = 1;
% time elapsed: 75.09 s
----------
==========
% time elapsed: 75.10 s
% [obj > 0]
