diaSesion = 
8 9 11 12 13 14 16 18
1 2 4 5 7 8 11 12
7 11 12 15 16 17 19 20
3 6 7 11 12 13 15 16
9 10 12 13 15 16 18 19
7 9 11 12 14 15 17 19
8 10 12 13 15 16 18 20
7 9 11 12 14 15 17 19
9 10 12 13 14 15 17 19
9 10 12 13 14 15 17 19
9 9 11 12 14 15 17 19
8 10 12 13 15 16 18 20
8 10 12 13 15 16 18 20
8 10 12 13 15 16 18 20
7 8 11 12 14 15 17 19
;
SalaDia = [1, 1, 1, 1, 1, 1, 1, 1, 1, 1, 1, 1, 1, 1, 1, 1, 1, 1, 1, 1, 1, 1, 1, 1, 1, 1, 1, 1, 1, 1, 1, 1, 1, 1, 1, 1, 1, 1, 1, 1, 1, 1, 1, 1, 1, 1, 1, 1, 1, 1, 1, 1, 1, 1, 1, 1, 1, 1, 1, 1, 1, 1, 1, 1, 1, 1, 1, 1, 1, 1, 1, 1, 1, 1, 1, 1, 1, 1, 1, 1, 1, 1, 1, 1, 1, 1, 1, 1, 1, 1, 1, 1, 1, 1, 1, 1, 1, 1, 1, 1, 1, 1, 1, 1, 1, 1, 1, 1, 1, 1, 1, 1, 1, 1, 1, 1, 1, 1, 1, 1];
obj = 1;
% time elapsed: 9.59 s
----------
==========
% time elapsed: 9.59 s
% [obj > 0]
