diaSesion = 
9 10 12 13 15 16 17 19
9 10 12 13 15 15 17 19
7 9 11 12 14 15 17 19
9 11 13 14 16 17 19 20
9 11 13 14 16 17 19 20
3 4 6 7 9 11 13 14
1 2 4 5 7 9 11 12
8 10 12 13 15 16 18 20
6 7 10 11 13 14 16 18
8 9 11 13 15 16 18 19
7 9 11 12 14 15 17 18
7 9 11 12 14 15 17 18
9 10 12 13 15 16 18 19
8 10 12 13 15 16 18 20
7 8 11 12 14 15 17 19
;
SalaDia = [1, 1, 1, 1, 1, 1, 1, 1, 1, 1, 1, 1, 1, 1, 1, 1, 1, 1, 1, 1, 1, 1, 1, 1, 1, 1, 1, 1, 1, 1, 1, 1, 1, 1, 1, 1, 1, 1, 1, 1, 1, 1, 1, 1, 1, 1, 1, 1, 1, 1, 1, 1, 1, 1, 1, 1, 1, 1, 1, 1, 1, 1, 1, 1, 1, 1, 1, 1, 1, 1, 1, 1, 1, 1, 1, 1, 1, 1, 1, 1, 1, 1, 1, 1, 1, 1, 1, 1, 1, 1, 1, 1, 1, 1, 1, 1, 1, 1, 1, 1, 1, 1, 1, 1, 1, 1, 1, 1, 1, 1, 1, 1, 1, 1, 1, 1, 1, 1, 1, 1];
obj = 1;
% time elapsed: 9.20 s
----------
==========
% time elapsed: 9.21 s
% [obj > 0]
