diaSesion = 
4 6 7 10 11 14 15 18
3 6 7 11 12 15 16 19
7 9 10 13 14 15 17 19
7 9 10 13 14 15 17 19
6 8 9 12 13 16 17 20
7 9 10 13 14 15 17 19
6 8 9 12 13 16 17 20
2 4 5 8 9 12 13 16
8 11 11 14 15 16 18 20
8 11 11 14 15 16 18 20
8 11 11 14 15 16 18 20
1 3 4 7 8 11 12 15
4 6 7 10 11 14 15 18
3 6 7 9 10 13 14 17
2 6 7 10 11 14 15 18
;
SalaDia = [1, 1, 1, 1, 1, 1, 1, 1, 1, 1, 1, 1, 1, 1, 1, 1, 1, 1, 1, 1, 1, 1, 1, 1, 1, 1, 1, 1, 1, 1, 1, 1, 1, 1, 1, 1, 1, 1, 1, 1, 1, 1, 1, 1, 1, 1, 1, 1, 1, 1, 1, 1, 1, 1, 1, 1, 1, 1, 1, 1, 1, 1, 1, 1, 1, 1, 1, 1, 1, 1, 1, 1, 1, 1, 1, 1, 1, 1, 1, 1, 1, 1, 1, 1, 1, 1, 1, 1, 1, 1, 1, 1, 1, 1, 1, 1, 1, 1, 1, 1, 1, 1, 1, 1, 1, 1, 1, 1, 1, 1, 1, 1, 1, 1, 1, 1, 1, 1, 1, 1];
obj = 1;
% time elapsed: 2.30 s
----------
==========
% time elapsed: 2.30 s
