diaSesion = 
3 3 5 6 8 11 12 17
8 11 12 13 15 16 18 20
8 9 11 12 12 13 14 16
3 5 7 10 12 13 15 17
9 10 11 11 13 16 17 20
6 7 10 11 12 16 17 20
9 10 12 13 15 18 19 20
6 7 11 12 14 17 18 20
2 3 6 7 11 14 15 18
1 2 4 6 10 13 14 17
7 9 11 12 14 17 17 20
7 9 11 12 13 16 17 20
6 7 11 12 14 17 18 20
6 7 11 12 13 16 17 20
6 7 11 12 13 16 17 20
;
SalaDia = [1, 1, 1, 1, 1, 1, 1, 1, 1, 1, 1, 1, 1, 1, 1, 1, 1, 1, 1, 1, 1, 1, 1, 1, 1, 1, 1, 1, 1, 1, 1, 1, 1, 1, 1, 1, 1, 1, 1, 1, 1, 1, 1, 1, 1, 1, 1, 1, 1, 1, 1, 1, 1, 1, 1, 1, 1, 1, 1, 1, 1, 1, 1, 1, 1, 1, 1, 1, 1, 1, 1, 1, 1, 1, 1, 1, 1, 1, 1, 1, 1, 1, 1, 1, 1, 1, 1, 1, 1, 1, 1, 1, 1, 1, 1, 1, 1, 1, 1, 1, 1, 1, 1, 1, 1, 1, 1, 1, 1, 1, 1, 1, 1, 1, 1, 1, 1, 1, 1, 1];
obj = 3;
% time elapsed: 7200.75 s
----------
