diaSesion = 
1 1 2 2 3 6 7 10
1 1 2 2 3 6 7 10
9 11 13 13 13 16 17 20
7 8 9 11 13 14 15 18
7 7 11 11 13 16 17 20
9 11 13 13 13 16 17 20
8 10 12 12 13 15 16 19
8 10 12 12 12 15 16 19
8 10 11 11 12 15 16 19
9 12 12 13 14 14 16 18
8 9 11 11 12 13 14 17
8 9 11 11 12 13 14 17
5 5 5 5 7 10 11 14
4 6 9 11 12 15 16 19
2 5 6 7 9 11 12 15
;
SalaDia = [1, 1, 1, 1, 1, 1, 1, 1, 1, 1, 1, 1, 1, 1, 1, 1, 1, 1, 1, 1, 1, 1, 1, 1, 1, 1, 1, 1, 1, 1, 1, 1, 1, 1, 1, 1, 1, 1, 1, 1, 1, 1, 1, 1, 1, 1, 1, 1, 1, 1, 1, 1, 1, 1, 1, 1, 1, 1, 1, 1, 1, 1, 1, 1, 1, 1, 1, 1, 1, 1, 1, 1, 1, 1, 1, 1, 1, 1, 1, 1, 1, 1, 1, 1, 1, 1, 1, 1, 1, 1, 1, 1, 1, 1, 1, 1, 1, 1, 1, 1, 1, 1, 1, 1, 1, 1, 1, 1, 1, 1, 1, 1, 1, 1, 1, 1, 1, 1, 1, 1];
obj = 4;
% time elapsed: 7201.19 s
----------
