diaSesion = 
3 6 7 10 11 14 15 18
6 7 9 11 12 13 15 17
6 7 9 11 12 13 15 17
1 2 4 6 7 8 10 12
6 9 10 13 14 15 17 18
6 9 10 13 14 15 17 18
6 7 9 11 12 13 15 17
6 7 9 11 12 13 15 17
5 6 8 10 11 12 14 16
5 6 8 10 11 12 14 16
5 8 9 12 13 16 17 20
8 9 11 13 14 15 17 19
7 8 10 12 13 14 16 18
7 10 11 14 15 16 18 19
7 10 11 14 15 16 18 19
;
SalaDia = [1, 1, 1, 1, 1, 1, 1, 1, 1, 1, 1, 1, 1, 1, 1, 1, 1, 1, 1, 1, 1, 1, 1, 1, 1, 1, 1, 1, 1, 1, 1, 1, 1, 1, 1, 1, 1, 1, 1, 1, 1, 1, 1, 1, 1, 1, 1, 1, 1, 1, 1, 1, 1, 1, 1, 1, 1, 1, 1, 1, 1, 1, 1, 1, 1, 1, 1, 1, 1, 1, 1, 1, 1, 1, 1, 1, 1, 1, 1, 1, 1, 1, 1, 1, 1, 1, 1, 1, 1, 1, 1, 1, 1, 1, 1, 1, 1, 1, 1, 1, 1, 1, 1, 1, 1, 1, 1, 1, 1, 1, 1, 1, 1, 1, 1, 1, 1, 1, 1, 1];
obj = 0;
% time elapsed: 172.03 s
----------
==========
% time elapsed: 172.03 s
