diaSesion = 
3 6 7 10 11 12 14 15
2 5 6 9 10 11 13 14
2 5 6 9 10 11 13 14
1 4 5 8 9 10 12 13
3 6 7 10 11 12 14 15
3 4 6 8 9 12 13 16
6 7 9 10 12 13 15 17
7 8 10 12 13 16 17 20
6 7 9 11 12 15 16 19
6 7 9 11 12 15 16 19
6 7 9 11 12 15 16 19
8 11 12 15 16 17 19 20
8 11 12 15 16 17 19 20
8 11 12 15 16 17 19 20
7 10 11 14 15 16 18 19
;
SalaDia = [1, 1, 1, 1, 1, 1, 1, 1, 1, 1, 1, 1, 1, 1, 1, 1, 1, 1, 1, 1, 1, 1, 1, 1, 1, 1, 1, 1, 1, 1, 1, 1, 1, 1, 1, 1, 1, 1, 1, 1, 1, 1, 1, 1, 1, 1, 1, 1, 1, 1, 1, 1, 1, 1, 1, 1, 1, 1, 1, 1, 1, 1, 1, 1, 1, 1, 1, 1, 1, 1, 1, 1, 1, 1, 1, 1, 1, 1, 1, 1, 1, 1, 1, 1, 1, 1, 1, 1, 1, 1, 1, 1, 1, 1, 1, 1, 1, 1, 1, 1, 1, 1, 1, 1, 1, 1, 1, 1, 1, 1, 1, 1, 1, 1, 1, 1, 1, 1, 1, 1];
obj = 0;
% time elapsed: 10.82 s
----------
==========
% time elapsed: 10.82 s
