diaSesion = 
1 3 4 7 8 9 11 12
1 2 4 5 6 9 10 13
6 10 11 14 15 16 18 19
4 6 7 10 11 12 14 15
6 7 10 12 13 16 17 20
6 7 10 12 13 16 17 20
6 7 10 12 13 16 17 20
7 8 10 11 12 15 16 19
8 9 10 12 13 16 17 20
8 9 10 12 13 16 17 20
9 11 12 15 16 17 19 20
8 9 11 13 14 16 17 20
8 9 11 13 14 16 17 20
8 9 11 13 14 16 17 20
8 9 11 12 13 16 17 20
;
SalaDia = [1, 1, 1, 1, 1, 1, 1, 1, 1, 1, 1, 1, 1, 1, 1, 1, 1, 1, 1, 1, 1, 1, 1, 1, 1, 1, 1, 1, 1, 1, 1, 1, 1, 1, 1, 1, 1, 1, 1, 1, 1, 1, 1, 1, 1, 1, 1, 1, 1, 1, 1, 1, 1, 1, 1, 1, 1, 1, 1, 1, 1, 1, 1, 1, 1, 1, 1, 1, 1, 1, 1, 1, 1, 1, 1, 1, 1, 1, 1, 1, 1, 1, 1, 1, 1, 1, 1, 1, 1, 1, 1, 1, 1, 1, 1, 1, 1, 1, 1, 1, 1, 1, 1, 1, 1, 1, 1, 1, 1, 1, 1, 1, 1, 1, 1, 1, 1, 1, 1, 1];
obj = 1;
% time elapsed: 519.61 s
----------
==========
% time elapsed: 519.61 s
