diaSesion = 
9 9 11 12 14 15 17 18
8 10 12 13 15 16 18 19
8 10 12 13 15 16 18 19
3 7 8 11 12 15 16 19
9 9 11 12 14 15 17 19
8 10 12 13 15 16 18 20
8 10 12 13 15 16 18 20
6 7 10 11 13 14 16 17
5 8 8 11 12 15 16 19
2 6 7 10 11 14 15 18
1 3 4 7 8 11 12 15
9 11 13 14 16 17 19 20
9 11 13 14 16 17 19 20
9 11 13 14 16 17 19 20
9 10 12 13 16 17 19 20
;
SalaDia = [1, 1, 1, 1, 1, 1, 1, 1, 1, 1, 1, 1, 1, 1, 1, 1, 1, 1, 1, 1, 1, 1, 1, 1, 1, 1, 1, 1, 1, 1, 1, 1, 1, 1, 1, 1, 1, 1, 1, 1, 1, 1, 1, 1, 1, 1, 1, 1, 1, 1, 1, 1, 1, 1, 1, 1, 1, 1, 1, 1, 1, 1, 1, 1, 1, 1, 1, 1, 1, 1, 1, 1, 1, 1, 1, 1, 1, 1, 1, 1, 1, 1, 1, 1, 1, 1, 1, 1, 1, 1, 1, 1, 1, 1, 1, 1, 1, 1, 1, 1, 1, 1, 1, 1, 1, 1, 1, 1, 1, 1, 1, 1, 1, 1, 1, 1, 1, 1, 1, 1];
obj = 1;
% time elapsed: 10.94 s
----------
==========
% time elapsed: 10.94 s
% [obj > 0]
