diaSesion = 
3 3 4 4 6 11 12 14
9 11 12 12 12 12 14 16
2 2 2 2 3 3 5 7
1 3 5 6 10 11 13 14
9 11 11 11 12 14 15 18
9 11 11 11 12 14 15 18
9 11 13 13 13 14 15 18
7 7 11 12 13 14 15 18
7 7 10 12 13 14 15 18
7 7 10 12 13 14 15 18
9 11 13 13 14 15 16 20
6 6 6 7 11 13 14 17
6 6 6 7 11 13 14 17
8 11 12 13 13 15 16 19
8 10 12 12 13 14 14 17
;
SalaDia = [1, 1, 1, 1, 1, 1, 1, 1, 1, 1, 1, 1, 1, 1, 1, 1, 1, 1, 1, 1, 1, 1, 1, 1, 1, 1, 1, 1, 1, 1, 1, 1, 1, 1, 1, 1, 1, 1, 1, 1, 1, 1, 1, 1, 1, 1, 1, 1, 1, 1, 1, 1, 1, 1, 1, 1, 1, 1, 1, 1, 1, 1, 1, 1, 1, 1, 1, 1, 1, 1, 1, 1, 1, 1, 1, 1, 1, 1, 1, 1, 1, 1, 1, 1, 1, 1, 1, 1, 1, 1, 1, 1, 1, 1, 1, 1, 1, 1, 1, 1, 1, 1, 1, 1, 1, 1, 1, 1, 1, 1, 1, 1, 1, 1, 1, 1, 1, 1, 1, 1];
obj = 6;
% time elapsed: 7200.63 s
----------
