diaSesion = 
6 10 11 14 15 16 18 19
8 10 12 13 15 16 18 20
8 10 12 13 15 16 18 20
8 10 12 13 15 16 18 20
8 9 11 12 13 16 17 20
8 9 11 12 13 16 17 20
6 7 10 12 13 16 17 20
6 7 10 12 13 16 17 20
1 2 4 6 7 11 12 15
7 11 12 15 16 17 19 20
8 10 12 13 15 16 18 20
7 8 11 12 14 15 17 19
3 4 6 7 10 11 13 15
6 7 10 12 13 16 17 20
5 6 9 11 12 15 16 19
;
SalaDia = [1, 1, 1, 1, 1, 1, 1, 1, 1, 1, 1, 1, 1, 1, 1, 1, 1, 1, 1, 1, 1, 1, 1, 1, 1, 1, 1, 1, 1, 1, 1, 1, 1, 1, 1, 1, 1, 1, 1, 1, 1, 1, 1, 1, 1, 1, 1, 1, 1, 1, 1, 1, 1, 1, 1, 1, 1, 1, 1, 1, 1, 1, 1, 1, 1, 1, 1, 1, 1, 1, 1, 1, 1, 1, 1, 1, 1, 1, 1, 1, 1, 1, 1, 1, 1, 1, 1, 1, 1, 1, 1, 1, 1, 1, 1, 1, 1, 1, 1, 1, 1, 1, 1, 1, 1, 1, 1, 1, 1, 1, 1, 1, 1, 1, 1, 1, 1, 1, 1, 1];
obj = 1;
% time elapsed: 7.42 s
----------
==========
% time elapsed: 7.42 s
% [obj > 0]
