diaSesion = 
6 6 8 9 11 12 14 16
8 10 12 13 15 16 18 19
7 11 12 15 16 17 19 20
7 10 11 13 14 15 17 18
7 7 9 10 12 13 15 17
6 7 10 11 13 14 16 18
3 4 6 6 8 9 11 13
1 2 5 6 8 9 11 13
8 10 12 13 15 16 18 20
8 10 12 13 15 16 18 20
7 9 11 12 14 15 17 19
7 9 11 12 14 15 17 19
7 9 11 12 14 15 17 19
7 9 11 12 14 15 17 19
7 8 10 10 12 13 15 17
;
SalaDia = [1, 1, 1, 1, 1, 1, 1, 1, 1, 1, 1, 1, 1, 1, 1, 1, 1, 1, 1, 1, 1, 1, 1, 1, 1, 1, 1, 1, 1, 1, 1, 1, 1, 1, 1, 1, 1, 1, 1, 1, 1, 1, 1, 1, 1, 1, 1, 1, 1, 1, 1, 1, 1, 1, 1, 1, 1, 1, 1, 1, 1, 1, 1, 1, 1, 1, 1, 1, 1, 1, 1, 1, 1, 1, 1, 1, 1, 1, 1, 1, 1, 1, 1, 1, 1, 1, 1, 1, 1, 1, 1, 1, 1, 1, 1, 1, 1, 1, 1, 1, 1, 1, 1, 1, 1, 1, 1, 1, 1, 1, 1, 1, 1, 1, 1, 1, 1, 1, 1, 1];
obj = 1;
% time elapsed: 26.77 s
----------
==========
% time elapsed: 26.77 s
