diaSesion = 
7 7 9 10 12 15 16 19
6 8 10 11 13 16 17 20
6 7 10 11 13 16 17 20
6 7 10 11 13 16 17 20
1 2 5 7 8 11 12 15
8 9 11 12 14 17 18 20
8 9 11 12 14 17 18 20
8 9 11 12 14 17 18 20
8 9 11 12 14 16 17 20
8 9 11 11 13 16 17 20
6 8 10 11 13 16 17 20
6 7 10 11 13 16 17 20
6 7 10 11 13 16 17 20
1 3 5 6 8 11 12 15
3 4 6 6 8 11 12 15
;
SalaDia = [1, 1, 1, 1, 1, 1, 1, 1, 1, 1, 1, 1, 1, 1, 1, 1, 1, 1, 1, 1, 1, 1, 1, 1, 1, 1, 1, 1, 1, 1, 1, 1, 1, 1, 1, 1, 1, 1, 1, 1, 1, 1, 1, 1, 1, 1, 1, 1, 1, 1, 1, 1, 1, 1, 1, 1, 1, 1, 1, 1, 1, 1, 1, 1, 1, 1, 1, 1, 1, 1, 1, 1, 1, 1, 1, 1, 1, 1, 1, 1, 1, 1, 1, 1, 1, 1, 1, 1, 1, 1, 1, 1, 1, 1, 1, 1, 1, 1, 1, 1, 1, 1, 1, 1, 1, 1, 1, 1, 1, 1, 1, 1, 1, 1, 1, 1, 1, 1, 1, 1];
obj = 1;
% time elapsed: 3.02 s
----------
==========
% time elapsed: 3.03 s
% [obj > 0]
