diaSesion = 
1 2 4 6 6 7 9 11
1 2 3 5 6 7 9 11
7 9 11 13 14 15 17 19
6 6 8 10 11 12 14 16
6 6 8 10 11 12 14 16
6 6 8 10 11 12 14 16
7 8 11 13 14 15 17 19
7 8 10 12 13 13 15 17
7 8 10 12 12 13 15 17
2 3 6 8 9 10 12 14
2 3 4 6 7 8 10 12
9 11 13 15 16 17 19 20
9 10 12 13 14 15 17 19
8 9 12 14 15 16 18 20
7 7 9 11 12 13 15 17
;
SalaDia = [1, 1, 1, 1, 1, 1, 1, 1, 1, 1, 1, 1, 1, 1, 1, 1, 1, 1, 1, 1, 1, 1, 1, 1, 1, 1, 1, 1, 1, 1, 1, 1, 1, 1, 1, 1, 1, 1, 1, 1, 1, 1, 1, 1, 1, 1, 1, 1, 1, 1, 1, 1, 1, 1, 1, 1, 1, 1, 1, 1, 1, 1, 1, 1, 1, 1, 1, 1, 1, 1, 1, 1, 1, 1, 1, 1, 1, 1, 1, 1, 1, 1, 1, 1, 1, 1, 1, 1, 1, 1, 1, 1, 1, 1, 1, 1, 1, 1, 1, 1, 1, 1, 1, 1, 1, 1, 1, 1, 1, 1, 1, 1, 1, 1, 1, 1, 1, 1, 1, 1];
obj = 1;
% time elapsed: 7200.61 s
----------
