diaSesion = 
3 3 5 6 8 11 12 15
2 3 6 7 9 12 13 16
1 2 5 6 8 11 12 15
1 2 4 6 8 11 12 15
7 7 9 11 12 15 16 19
8 9 11 11 13 16 17 20
7 8 10 11 12 15 16 19
7 8 10 11 12 15 16 19
7 8 10 11 12 15 16 19
7 8 10 11 12 15 16 19
7 8 10 11 12 15 16 19
6 7 9 11 13 16 17 20
6 6 8 9 11 14 15 18
6 6 8 9 11 14 15 18
6 7 10 11 13 16 17 20
;
SalaDia = [1, 1, 1, 1, 1, 1, 1, 1, 1, 1, 1, 1, 1, 1, 1, 1, 1, 1, 1, 1, 1, 1, 1, 1, 1, 1, 1, 1, 1, 1, 1, 1, 1, 1, 1, 1, 1, 1, 1, 1, 1, 1, 1, 1, 1, 1, 1, 1, 1, 1, 1, 1, 1, 1, 1, 1, 1, 1, 1, 1, 1, 1, 1, 1, 1, 1, 1, 1, 1, 1, 1, 1, 1, 1, 1, 1, 1, 1, 1, 1, 1, 1, 1, 1, 1, 1, 1, 1, 1, 1, 1, 1, 1, 1, 1, 1, 1, 1, 1, 1, 1, 1, 1, 1, 1, 1, 1, 1, 1, 1, 1, 1, 1, 1, 1, 1, 1, 1, 1, 1];
obj = 1;
% time elapsed: 344.45 s
----------
==========
% time elapsed: 344.46 s
