diaSesion = 
6 8 10 11 13 14 16 18
6 7 10 12 13 14 16 17
6 8 10 11 13 14 16 18
9 11 13 15 16 17 19 20
8 10 12 14 15 16 18 20
8 9 11 13 14 16 18 20
8 9 11 12 13 14 16 18
6 7 10 11 13 14 16 18
1 2 4 5 7 9 11 13
9 11 13 15 16 17 19 20
9 10 11 13 14 15 17 18
8 10 12 14 15 16 18 19
6 8 10 12 13 14 16 17
6 7 10 12 13 14 16 17
3 4 6 7 10 11 13 15
;
SalaDia = [1, 1, 1, 1, 1, 1, 1, 1, 1, 1, 1, 1, 1, 1, 1, 1, 1, 1, 1, 1, 1, 1, 1, 1, 1, 1, 1, 1, 1, 1, 1, 1, 1, 1, 1, 1, 1, 1, 1, 1, 1, 1, 1, 1, 1, 1, 1, 1, 1, 1, 1, 1, 1, 1, 1, 1, 1, 1, 1, 1, 1, 1, 1, 1, 1, 1, 1, 1, 1, 1, 1, 1, 1, 1, 1, 1, 1, 1, 1, 1, 1, 1, 1, 1, 1, 1, 1, 1, 1, 1, 1, 1, 1, 1, 1, 1, 1, 1, 1, 1, 1, 1, 1, 1, 1, 1, 1, 1, 1, 1, 1, 1, 1, 1, 1, 1, 1, 1, 1, 1];
obj = 1;
% time elapsed: 18.85 s
----------
==========
% time elapsed: 18.85 s
% [obj > 0]
