diaSesion = 
6 6 8 9 11 12 14 15
2 3 5 6 7 8 10 11
1 1 3 4 6 7 9 10
1 3 4 7 8 11 12 15
8 9 11 11 13 14 16 18
7 8 9 10 12 13 15 17
6 6 8 9 11 12 14 16
9 10 12 13 15 16 19 20
2 6 7 10 11 14 15 18
2 6 7 10 11 14 15 18
2 6 7 10 11 14 15 18
7 7 9 10 12 13 15 16
7 7 9 10 12 13 15 16
6 8 10 11 13 14 16 17
6 8 10 11 13 14 16 17
;
SalaDia = [1, 1, 1, 1, 1, 1, 1, 1, 1, 1, 1, 1, 1, 1, 1, 1, 1, 1, 1, 1, 1, 1, 1, 1, 1, 1, 1, 1, 1, 1, 1, 1, 1, 1, 1, 1, 1, 1, 1, 1, 1, 1, 1, 1, 1, 1, 1, 1, 1, 1, 1, 1, 1, 1, 1, 1, 1, 1, 1, 1, 1, 1, 1, 1, 1, 1, 1, 1, 1, 1, 1, 1, 1, 1, 1, 1, 1, 1, 1, 1, 1, 1, 1, 1, 1, 1, 1, 1, 1, 1, 1, 1, 1, 1, 1, 1, 1, 1, 1, 1, 1, 1, 1, 1, 1, 1, 1, 1, 1, 1, 1, 1, 1, 1, 1, 1, 1, 1, 1, 1];
obj = 1;
% time elapsed: 86.88 s
----------
==========
% time elapsed: 86.88 s
