diaSesion = 
6 7 9 11 12 13 14 17
5 6 8 10 11 12 15 16
3 6 8 10 11 12 14 16
8 11 12 15 16 18 19 20
2 6 8 11 12 13 15 16
7 8 12 13 15 16 18 20
6 7 10 11 13 14 16 18
1 2 4 6 8 9 11 12
9 11 13 14 15 16 18 20
9 10 12 13 14 15 16 18
7 9 11 13 13 14 16 18
6 6 8 11 12 13 15 17
7 11 11 14 15 16 18 19
6 11 12 15 16 17 19 20
2 6 7 10 11 12 14 14
;
SalaDia = [1, 1, 1, 1, 1, 1, 1, 1, 1, 1, 1, 1, 1, 1, 1, 1, 1, 1, 1, 1, 1, 1, 1, 1, 1, 1, 1, 1, 1, 1, 1, 1, 1, 1, 1, 1, 1, 1, 1, 1, 1, 1, 1, 1, 1, 1, 1, 1, 1, 1, 1, 1, 1, 1, 1, 1, 1, 1, 1, 1, 1, 1, 1, 1, 1, 1, 1, 1, 1, 1, 1, 1, 1, 1, 1, 1, 1, 1, 1, 1, 1, 1, 1, 1, 1, 1, 1, 1, 1, 1, 1, 1, 1, 1, 1, 1, 1, 1, 1, 1, 1, 1, 1, 1, 1, 1, 1, 1, 1, 1, 1, 1, 1, 1, 1, 1, 1, 1, 1, 1];
obj = 2;
% time elapsed: 7200.38 s
----------
