diaSesion = 
2 5 6 9 10 13 14 17
9 10 12 14 15 16 18 20
9 10 12 14 15 16 18 20
9 10 12 14 15 16 18 20
8 11 12 15 16 17 19 20
8 11 12 15 16 17 19 20
8 9 11 13 14 15 17 19
8 9 11 13 14 15 17 19
8 9 11 13 14 15 17 19
6 7 9 11 12 13 15 17
3 6 7 10 11 14 15 18
7 8 10 12 13 14 16 18
1 2 4 6 7 8 10 12
7 10 11 14 15 16 18 19
7 10 11 14 15 16 18 19
;
SalaDia = [1, 1, 1, 1, 1, 1, 1, 1, 1, 1, 1, 1, 1, 1, 1, 1, 1, 1, 1, 1, 1, 1, 1, 1, 1, 1, 1, 1, 1, 1, 1, 1, 1, 1, 1, 1, 1, 1, 1, 1, 1, 1, 1, 1, 1, 1, 1, 1, 1, 1, 1, 1, 1, 1, 1, 1, 1, 1, 1, 1, 1, 1, 1, 1, 1, 1, 1, 1, 1, 1, 1, 1, 1, 1, 1, 1, 1, 1, 1, 1, 1, 1, 1, 1, 1, 1, 1, 1, 1, 1, 1, 1, 1, 1, 1, 1, 1, 1, 1, 1, 1, 1, 1, 1, 1, 1, 1, 1, 1, 1, 1, 1, 1, 1, 1, 1, 1, 1, 1, 1];
obj = 0;
% time elapsed: 11.38 s
----------
==========
% time elapsed: 11.64 s
% [<UNKNOWN>]
