diaSesion = 
6 9 10 13 14 15 17 19
8 9 11 12 14 15 17 18
4 5 7 8 10 11 13 14
1 2 4 5 7 8 10 11
9 10 12 13 15 16 18 19
9 10 12 13 15 16 18 19
7 8 10 11 13 14 16 18
6 7 9 10 12 13 15 17
2 3 5 6 8 9 11 13
7 10 11 14 15 16 18 20
9 10 12 13 15 16 18 19
8 9 11 12 14 15 17 19
8 9 11 12 14 15 17 19
7 10 11 14 15 16 18 20
7 10 11 14 15 16 18 20
;
SalaDia = [1, 1, 1, 1, 1, 1, 1, 1, 1, 1, 1, 1, 1, 1, 1, 1, 1, 1, 1, 1, 1, 1, 1, 1, 1, 1, 1, 1, 1, 1, 1, 1, 1, 1, 1, 1, 1, 1, 1, 1, 1, 1, 1, 1, 1, 1, 1, 1, 1, 1, 1, 1, 1, 1, 1, 1, 1, 1, 1, 1, 1, 1, 1, 1, 1, 1, 1, 1, 1, 1, 1, 1, 1, 1, 1, 1, 1, 1, 1, 1, 1, 1, 1, 1, 1, 1, 1, 1, 1, 1, 1, 1, 1, 1, 1, 1, 1, 1, 1, 1, 1, 1, 1, 1, 1, 1, 1, 1, 1, 1, 1, 1, 1, 1, 1, 1, 1, 1, 1, 1];
obj = 0;
% time elapsed: 11.13 s
----------
==========
% time elapsed: 11.54 s
% [<UNKNOWN>]
