diaSesion = 
1 2 4 6 7 9 11 12
7 11 12 15 16 17 19 20
7 11 12 15 16 17 19 20
9 11 13 15 16 17 19 20
8 10 12 14 15 16 18 19
8 10 12 14 15 16 18 19
7 8 11 13 14 15 17 18
6 8 10 12 13 14 16 17
6 8 10 12 13 14 16 17
6 8 10 12 13 14 16 17
5 6 9 11 12 13 15 16
7 11 12 15 16 17 19 20
3 6 7 11 12 13 15 16
9 11 13 15 16 17 19 20
6 7 10 12 13 14 16 17
;
SalaDia = [1, 1, 1, 1, 1, 1, 1, 1, 1, 1, 1, 1, 1, 1, 1, 1, 1, 1, 1, 1, 1, 1, 1, 1, 1, 1, 1, 1, 1, 1, 1, 1, 1, 1, 1, 1, 1, 1, 1, 1, 1, 1, 1, 1, 1, 1, 1, 1, 1, 1, 1, 1, 1, 1, 1, 1, 1, 1, 1, 1, 1, 1, 1, 1, 1, 1, 1, 1, 1, 1, 1, 1, 1, 1, 1, 1, 1, 1, 1, 1, 1, 1, 1, 1, 1, 1, 1, 1, 1, 1, 1, 1, 1, 1, 1, 1, 1, 1, 1, 1, 1, 1, 1, 1, 1, 1, 1, 1, 1, 1, 1, 1, 1, 1, 1, 1, 1, 1, 1, 1];
obj = 1;
% time elapsed: 11.65 s
----------
==========
% time elapsed: 11.88 s
% [obj > 0]
