diaSesion = 
8 11 12 15 16 17 19 20
8 11 12 15 16 17 19 20
8 11 12 15 16 17 19 20
7 10 11 14 15 16 18 19
8 11 12 15 16 17 19 20
1 2 4 6 7 10 11 14
9 10 12 13 15 16 18 20
7 8 10 12 13 16 17 20
6 7 9 11 12 15 16 19
6 7 9 11 12 15 16 19
5 6 8 10 11 14 15 18
5 8 9 12 13 14 16 17
4 7 8 11 12 13 15 16
4 7 8 11 12 13 15 16
3 6 7 10 11 12 14 15
;
SalaDia = [1, 1, 1, 1, 1, 1, 1, 1, 1, 1, 1, 1, 1, 1, 1, 1, 1, 1, 1, 1, 1, 1, 1, 1, 1, 1, 1, 1, 1, 1, 1, 1, 1, 1, 1, 1, 1, 1, 1, 1, 1, 1, 1, 1, 1, 1, 1, 1, 1, 1, 1, 1, 1, 1, 1, 1, 1, 1, 1, 1, 1, 1, 1, 1, 1, 1, 1, 1, 1, 1, 1, 1, 1, 1, 1, 1, 1, 1, 1, 1, 1, 1, 1, 1, 1, 1, 1, 1, 1, 1, 1, 1, 1, 1, 1, 1, 1, 1, 1, 1, 1, 1, 1, 1, 1, 1, 1, 1, 1, 1, 1, 1, 1, 1, 1, 1, 1, 1, 1, 1];
obj = 0;
% time elapsed: 402.23 s
----------
==========
% time elapsed: 402.23 s
