diaSesion = 
9 10 10 12 13 14 16 18
9 12 13 15 16 17 19 20
1 1 1 2 4 6 8 10
9 12 12 14 15 16 18 19
8 11 11 13 14 15 17 19
8 8 11 12 12 13 15 17
1 1 1 2 3 4 6 8
9 10 10 11 11 12 14 16
6 6 6 7 10 11 13 15
9 11 11 12 13 14 16 17
7 10 11 12 13 14 16 17
7 10 11 12 13 14 16 17
2 5 9 11 12 13 15 16
1 4 8 10 11 12 14 15
6 6 6 7 10 11 13 15
;
SalaDia = [1, 1, 1, 1, 1, 1, 1, 1, 1, 1, 1, 1, 1, 1, 1, 1, 1, 1, 1, 1, 1, 1, 1, 1, 1, 1, 1, 1, 1, 1, 1, 1, 1, 1, 1, 1, 1, 1, 1, 1, 1, 1, 1, 1, 1, 1, 1, 1, 1, 1, 1, 1, 1, 1, 1, 1, 1, 1, 1, 1, 1, 1, 1, 1, 1, 1, 1, 1, 1, 1, 1, 1, 1, 1, 1, 1, 1, 1, 1, 1, 1, 1, 1, 1, 1, 1, 1, 1, 1, 1, 1, 1, 1, 1, 1, 1, 1, 1, 1, 1, 1, 1, 1, 1, 1, 1, 1, 1, 1, 1, 1, 1, 1, 1, 1, 1, 1, 1, 1, 1];
obj = 4;
% time elapsed: 7200.62 s
----------
