diaSesion = 
8 11 12 15 16 17 19 20
8 11 12 15 16 17 19 20
8 11 12 15 16 17 19 20
8 11 12 15 16 17 19 20
6 9 10 13 14 15 17 18
1 2 4 6 7 10 11 14
2 3 5 6 8 9 11 13
7 8 10 12 13 16 17 20
7 8 10 12 13 16 17 20
6 7 9 11 12 15 16 19
6 7 9 11 12 15 16 19
8 11 12 15 16 17 19 20
8 11 12 15 16 17 19 20
8 11 12 15 16 17 19 20
8 11 12 15 16 17 19 20
;
SalaDia = [1, 1, 1, 1, 1, 1, 1, 1, 1, 1, 1, 1, 1, 1, 1, 1, 1, 1, 1, 1, 1, 1, 1, 1, 1, 1, 1, 1, 1, 1, 1, 1, 1, 1, 1, 1, 1, 1, 1, 1, 1, 1, 1, 1, 1, 1, 1, 1, 1, 1, 1, 1, 1, 1, 1, 1, 1, 1, 1, 1, 1, 1, 1, 1, 1, 1, 1, 1, 1, 1, 1, 1, 1, 1, 1, 1, 1, 1, 1, 1, 1, 1, 1, 1, 1, 1, 1, 1, 1, 1, 1, 1, 1, 1, 1, 1, 1, 1, 1, 1, 1, 1, 1, 1, 1, 1, 1, 1, 1, 1, 1, 1, 1, 1, 1, 1, 1, 1, 1, 1];
obj = 0;
% time elapsed: 11.05 s
----------
==========
% time elapsed: 11.05 s
% [<UNKNOWN>]
