diaSesion = 
6 11 13 15 16 17 19 20
9 11 13 13 13 14 16 18
9 11 13 13 13 14 16 18
9 10 11 11 13 13 14 16
6 7 7 7 8 11 12 15
6 6 10 11 12 15 16 19
6 6 10 11 12 15 16 19
2 3 3 4 5 7 8 11
1 4 6 10 11 14 15 18
9 12 13 14 14 14 16 17
8 10 12 13 13 13 15 17
7 8 11 11 12 12 14 16
7 7 10 11 12 12 14 16
8 10 11 12 12 15 16 19
8 10 11 12 12 15 16 19
;
SalaDia = [1, 1, 1, 1, 1, 1, 1, 1, 1, 1, 1, 1, 1, 1, 1, 1, 1, 1, 1, 1, 1, 1, 1, 1, 1, 1, 1, 1, 1, 1, 1, 1, 1, 1, 1, 1, 1, 1, 1, 1, 1, 1, 1, 1, 1, 1, 1, 1, 1, 1, 1, 1, 1, 1, 1, 1, 1, 1, 1, 1, 1, 1, 1, 1, 1, 1, 1, 1, 1, 1, 1, 1, 1, 1, 1, 1, 1, 1, 1, 1, 1, 1, 1, 1, 1, 1, 1, 1, 1, 1, 1, 1, 1, 1, 1, 1, 1, 1, 1, 1, 1, 1, 1, 1, 1, 1, 1, 1, 1, 1, 1, 1, 1, 1, 1, 1, 1, 1, 1, 1];
obj = 4;
% time elapsed: 7200.60 s
----------
