diaSesion = 
1 2 4 6 8 9 11 13
9 11 13 14 16 17 19 20
7 10 11 14 15 16 18 20
4 6 7 10 11 12 14 15
5 6 7 8 10 11 13 15
2 3 6 7 9 10 12 14
8 10 12 13 15 16 18 20
8 9 12 13 15 16 18 20
9 9 11 12 14 15 17 19
8 10 12 13 15 16 18 20
7 8 11 12 14 15 17 19
7 8 11 12 14 15 17 19
7 7 9 10 12 13 15 17
6 7 10 11 13 14 16 18
6 7 9 11 13 14 16 18
;
SalaDia = [1, 1, 1, 1, 1, 1, 1, 1, 1, 1, 1, 1, 1, 1, 1, 1, 1, 1, 1, 1, 1, 1, 1, 1, 1, 1, 1, 1, 1, 1, 1, 1, 1, 1, 1, 1, 1, 1, 1, 1, 1, 1, 1, 1, 1, 1, 1, 1, 1, 1, 1, 1, 1, 1, 1, 1, 1, 1, 1, 1, 1, 1, 1, 1, 1, 1, 1, 1, 1, 1, 1, 1, 1, 1, 1, 1, 1, 1, 1, 1, 1, 1, 1, 1, 1, 1, 1, 1, 1, 1, 1, 1, 1, 1, 1, 1, 1, 1, 1, 1, 1, 1, 1, 1, 1, 1, 1, 1, 1, 1, 1, 1, 1, 1, 1, 1, 1, 1, 1, 1];
obj = 1;
% time elapsed: 560.73 s
----------
==========
% time elapsed: 560.73 s
