diaSesion = 
7 10 11 14 15 16 18 19
7 10 11 14 15 16 18 19
6 9 10 13 14 15 17 18
6 9 10 13 14 15 17 18
6 9 10 13 14 15 17 18
7 8 10 12 13 16 17 20
8 9 11 12 14 15 17 19
4 5 7 9 10 13 14 17
3 4 6 8 9 12 13 16
2 3 5 7 8 11 12 15
1 2 4 6 7 10 11 14
8 11 12 15 16 17 19 20
6 9 10 13 14 15 17 18
6 9 10 13 14 15 17 18
6 9 10 13 14 15 17 18
;
SalaDia = [1, 1, 1, 1, 1, 1, 1, 1, 1, 1, 1, 1, 1, 1, 1, 1, 1, 1, 1, 1, 1, 1, 1, 1, 1, 1, 1, 1, 1, 1, 1, 1, 1, 1, 1, 1, 1, 1, 1, 1, 1, 1, 1, 1, 1, 1, 1, 1, 1, 1, 1, 1, 1, 1, 1, 1, 1, 1, 1, 1, 1, 1, 1, 1, 1, 1, 1, 1, 1, 1, 1, 1, 1, 1, 1, 1, 1, 1, 1, 1, 1, 1, 1, 1, 1, 1, 1, 1, 1, 1, 1, 1, 1, 1, 1, 1, 1, 1, 1, 1, 1, 1, 1, 1, 1, 1, 1, 1, 1, 1, 1, 1, 1, 1, 1, 1, 1, 1, 1, 1];
obj = 0;
% time elapsed: 2.12 s
----------
==========
% time elapsed: 2.12 s
