diaSesion = 
3 6 8 11 12 15 16 19
8 9 12 14 15 16 18 20
1 3 5 7 8 9 11 13
6 9 10 13 14 17 18 20
6 9 10 13 14 17 18 20
8 10 12 14 15 16 18 20
8 10 12 14 15 16 18 20
8 10 12 14 15 16 18 20
9 10 12 13 14 15 17 19
7 8 11 13 14 15 17 19
2 2 4 6 7 8 10 12
6 8 9 12 13 16 17 20
6 8 9 12 13 16 17 20
9 10 11 13 14 15 17 19
7 8 11 13 14 15 17 19
;
SalaDia = [1, 1, 1, 1, 1, 1, 1, 1, 1, 1, 1, 1, 1, 1, 1, 1, 1, 1, 1, 1, 1, 1, 1, 1, 1, 1, 1, 1, 1, 1, 1, 1, 1, 1, 1, 1, 1, 1, 1, 1, 1, 1, 1, 1, 1, 1, 1, 1, 1, 1, 1, 1, 1, 1, 1, 1, 1, 1, 1, 1, 1, 1, 1, 1, 1, 1, 1, 1, 1, 1, 1, 1, 1, 1, 1, 1, 1, 1, 1, 1, 1, 1, 1, 1, 1, 1, 1, 1, 1, 1, 1, 1, 1, 1, 1, 1, 1, 1, 1, 1, 1, 1, 1, 1, 1, 1, 1, 1, 1, 1, 1, 1, 1, 1, 1, 1, 1, 1, 1, 1];
obj = 1;
% time elapsed: 11.03 s
----------
==========
% time elapsed: 11.03 s
% [obj > 0]
