diaSesion = 
6 7 9 10 12 15 16 19
6 7 8 9 11 14 15 18
2 3 5 6 8 11 13 16
2 3 5 6 8 11 12 14
6 7 10 12 13 16 17 20
8 9 11 12 13 16 17 20
8 9 11 12 13 16 17 20
7 8 10 11 13 16 17 20
7 8 10 11 13 16 17 20
7 8 10 11 13 16 17 20
7 8 10 11 13 16 17 20
7 8 10 11 13 15 16 19
6 7 9 11 13 16 17 20
6 7 9 11 13 16 17 20
1 2 4 6 8 11 12 15
;
SalaDia = [1, 1, 1, 1, 1, 1, 1, 1, 1, 1, 1, 1, 1, 1, 1, 1, 1, 1, 1, 1, 1, 1, 1, 1, 1, 1, 1, 1, 1, 1, 1, 1, 1, 1, 1, 1, 1, 1, 1, 1, 1, 1, 1, 1, 1, 1, 1, 1, 1, 1, 1, 1, 1, 1, 1, 1, 1, 1, 1, 1, 1, 1, 1, 1, 1, 1, 1, 1, 1, 1, 1, 1, 1, 1, 1, 1, 1, 1, 1, 1, 1, 1, 1, 1, 1, 1, 1, 1, 1, 1, 1, 1, 1, 1, 1, 1, 1, 1, 1, 1, 1, 1, 1, 1, 1, 1, 1, 1, 1, 1, 1, 1, 1, 1, 1, 1, 1, 1, 1, 1];
obj = 1;
% time elapsed: 637.34 s
----------
==========
% time elapsed: 637.34 s
