diaSesion = 
1 2 3 5 6 7 9 10
3 5 6 9 10 11 13 14
9 11 13 15 16 17 19 20
9 11 13 15 16 17 19 20
9 11 13 15 16 17 19 20
9 11 13 15 16 17 19 20
9 11 13 15 16 17 19 20
3 4 6 8 9 11 13 14
6 7 10 12 13 14 16 18
6 6 8 10 11 12 14 16
8 10 12 14 15 16 18 20
7 9 11 13 14 15 17 19
7 8 11 13 14 15 17 19
7 8 11 13 14 15 17 19
6 7 10 12 13 14 16 18
;
SalaDia = [1, 1, 1, 1, 1, 1, 1, 1, 1, 1, 1, 1, 1, 1, 1, 1, 1, 1, 1, 1, 1, 1, 1, 1, 1, 1, 1, 1, 1, 1, 1, 1, 1, 1, 1, 1, 1, 1, 1, 1, 1, 1, 1, 1, 1, 1, 1, 1, 1, 1, 1, 1, 1, 1, 1, 1, 1, 1, 1, 1, 1, 1, 1, 1, 1, 1, 1, 1, 1, 1, 1, 1, 1, 1, 1, 1, 1, 1, 1, 1, 1, 1, 1, 1, 1, 1, 1, 1, 1, 1, 1, 1, 1, 1, 1, 1, 1, 1, 1, 1, 1, 1, 1, 1, 1, 1, 1, 1, 1, 1, 1, 1, 1, 1, 1, 1, 1, 1, 1, 1];
obj = 1;
% time elapsed: 4201.32 s
----------
==========
% time elapsed: 4201.56 s
