diaSesion = 
7 9 11 12 14 17 18 20
1 1 2 3 5 8 9 12
5 6 7 8 11 14 15 18
4 4 5 6 8 11 12 15
2 3 5 5 7 10 12 15
7 8 11 11 13 16 17 20
1 2 5 6 7 10 11 14
9 10 11 11 13 16 17 20
7 8 11 11 13 16 17 20
2 6 8 11 12 13 15 17
9 10 12 13 15 18 19 20
9 10 12 13 15 18 19 20
9 10 12 13 15 18 19 20
8 9 11 12 14 16 16 19
7 9 11 11 13 16 17 20
;
SalaDia = [1, 1, 1, 1, 1, 1, 1, 1, 1, 1, 1, 1, 1, 1, 1, 1, 1, 1, 1, 1, 1, 1, 1, 1, 1, 1, 1, 1, 1, 1, 1, 1, 1, 1, 1, 1, 1, 1, 1, 1, 1, 1, 1, 1, 1, 1, 1, 1, 1, 1, 1, 1, 1, 1, 1, 1, 1, 1, 1, 1, 1, 1, 1, 1, 1, 1, 1, 1, 1, 1, 1, 1, 1, 1, 1, 1, 1, 1, 1, 1, 1, 1, 1, 1, 1, 1, 1, 1, 1, 1, 1, 1, 1, 1, 1, 1, 1, 1, 1, 1, 1, 1, 1, 1, 1, 1, 1, 1, 1, 1, 1, 1, 1, 1, 1, 1, 1, 1, 1, 1];
obj = 2;
% time elapsed: 7200.36 s
----------
