diaSesion = 
7 8 10 11 13 16 17 19
2 3 6 7 9 12 13 16
6 7 10 12 13 16 17 20
6 7 10 12 13 16 17 20
6 6 8 10 11 14 15 18
1 2 4 6 7 11 12 15
7 7 9 10 12 15 16 19
6 7 9 10 12 15 15 18
6 6 8 9 11 14 15 18
1 2 5 6 8 11 12 15
7 7 9 11 12 15 16 19
8 10 12 14 15 16 18 20
8 9 11 12 13 16 17 20
8 9 10 12 13 16 17 20
8 9 10 12 13 16 17 20
;
SalaDia = [1, 1, 1, 1, 1, 1, 1, 1, 1, 1, 1, 1, 1, 1, 1, 1, 1, 1, 1, 1, 1, 1, 1, 1, 1, 1, 1, 1, 1, 1, 1, 1, 1, 1, 1, 1, 1, 1, 1, 1, 1, 1, 1, 1, 1, 1, 1, 1, 1, 1, 1, 1, 1, 1, 1, 1, 1, 1, 1, 1, 1, 1, 1, 1, 1, 1, 1, 1, 1, 1, 1, 1, 1, 1, 1, 1, 1, 1, 1, 1, 1, 1, 1, 1, 1, 1, 1, 1, 1, 1, 1, 1, 1, 1, 1, 1, 1, 1, 1, 1, 1, 1, 1, 1, 1, 1, 1, 1, 1, 1, 1, 1, 1, 1, 1, 1, 1, 1, 1, 1];
obj = 1;
% time elapsed: 379.73 s
----------
==========
% time elapsed: 379.73 s
