diaSesion = 
6 7 8 10 11 12 14 15
6 10 11 14 15 16 18 19
9 11 13 15 16 17 19 20
9 11 13 15 16 17 19 20
9 11 13 15 16 17 19 20
9 11 13 15 16 17 19 20
5 6 9 11 12 13 15 16
1 3 5 7 8 9 11 12
7 9 11 13 14 15 17 19
2 3 4 6 7 8 10 12
8 10 12 14 15 16 18 20
8 10 12 14 15 16 18 20
7 9 11 13 14 15 17 19
7 9 11 13 14 15 17 19
6 6 8 10 11 12 14 16
;
SalaDia = [1, 1, 1, 1, 1, 1, 1, 1, 1, 1, 1, 1, 1, 1, 1, 1, 1, 1, 1, 1, 1, 1, 1, 1, 1, 1, 1, 1, 1, 1, 1, 1, 1, 1, 1, 1, 1, 1, 1, 1, 1, 1, 1, 1, 1, 1, 1, 1, 1, 1, 1, 1, 1, 1, 1, 1, 1, 1, 1, 1, 1, 1, 1, 1, 1, 1, 1, 1, 1, 1, 1, 1, 1, 1, 1, 1, 1, 1, 1, 1, 1, 1, 1, 1, 1, 1, 1, 1, 1, 1, 1, 1, 1, 1, 1, 1, 1, 1, 1, 1, 1, 1, 1, 1, 1, 1, 1, 1, 1, 1, 1, 1, 1, 1, 1, 1, 1, 1, 1, 1];
obj = 1;
% time elapsed: 617.55 s
----------
==========
% time elapsed: 617.55 s
