diaSesion = 
6 7 10 11 13 16 17 20
6 7 9 11 13 16 17 20
6 8 10 12 13 16 17 20
6 7 10 12 13 16 17 20
6 7 10 12 13 16 17 20
1 3 5 7 8 11 12 15
8 8 10 11 13 16 17 20
6 7 10 11 13 16 17 20
6 7 9 10 12 15 17 20
6 7 9 10 12 14 15 18
2 4 6 8 9 12 13 16
7 8 11 13 14 15 17 19
8 9 11 12 13 16 17 20
8 9 11 12 13 16 17 20
8 9 10 12 13 16 17 20
;
SalaDia = [1, 1, 1, 1, 1, 1, 1, 1, 1, 1, 1, 1, 1, 1, 1, 1, 1, 1, 1, 1, 1, 1, 1, 1, 1, 1, 1, 1, 1, 1, 1, 1, 1, 1, 1, 1, 1, 1, 1, 1, 1, 1, 1, 1, 1, 1, 1, 1, 1, 1, 1, 1, 1, 1, 1, 1, 1, 1, 1, 1, 1, 1, 1, 1, 1, 1, 1, 1, 1, 1, 1, 1, 1, 1, 1, 1, 1, 1, 1, 1, 1, 1, 1, 1, 1, 1, 1, 1, 1, 1, 1, 1, 1, 1, 1, 1, 1, 1, 1, 1, 1, 1, 1, 1, 1, 1, 1, 1, 1, 1, 1, 1, 1, 1, 1, 1, 1, 1, 1, 1];
obj = 1;
% time elapsed: 11.66 s
----------
==========
% time elapsed: 11.66 s
% [obj > 0]
