diaSesion = 
8 11 12 15 16 17 19 20
8 11 12 15 16 17 19 20
3 6 7 10 11 12 14 15
8 11 12 15 16 17 19 20
8 11 12 15 16 17 19 20
1 4 5 8 9 10 12 13
7 10 11 14 15 16 18 19
8 11 12 15 16 17 19 20
8 11 12 15 16 17 19 20
8 11 12 15 16 17 19 20
8 11 12 15 16 17 19 20
7 10 11 14 15 16 18 19
8 11 12 15 16 17 19 20
7 10 11 14 15 16 18 19
2 5 6 9 10 11 13 14
;
SalaDia = [1, 1, 1, 1, 1, 1, 1, 1, 1, 1, 1, 1, 1, 1, 1, 1, 1, 1, 1, 1, 1, 1, 1, 1, 1, 1, 1, 1, 1, 1, 1, 1, 1, 1, 1, 1, 1, 1, 1, 1, 1, 1, 1, 1, 1, 1, 1, 1, 1, 1, 1, 1, 1, 1, 1, 1, 1, 1, 1, 1, 1, 1, 1, 1, 1, 1, 1, 1, 1, 1, 1, 1, 1, 1, 1, 1, 1, 1, 1, 1, 1, 1, 1, 1, 1, 1, 1, 1, 1, 1, 1, 1, 1, 1, 1, 1, 1, 1, 1, 1, 1, 1, 1, 1, 1, 1, 1, 1, 1, 1, 1, 1, 1, 1, 1, 1, 1, 1, 1, 1];
obj = 0;
% time elapsed: 11.22 s
----------
==========
% time elapsed: 11.22 s
% [<UNKNOWN>]
