diaSesion = 
2 5 6 8 9 12 13 16
6 6 8 10 11 12 14 16
6 6 8 10 11 12 14 16
3 6 6 9 10 13 14 17
2 6 7 10 11 14 15 18
7 7 9 11 12 13 15 17
7 7 9 11 12 13 15 17
7 7 9 11 12 13 15 17
8 10 12 14 15 16 18 20
6 6 8 10 11 12 14 16
6 6 8 10 11 12 14 16
2 5 6 8 9 12 13 16
1 3 4 7 8 11 12 15
8 9 11 13 14 15 17 19
8 8 10 12 13 14 16 18
;
SalaDia = [1, 1, 1, 1, 1, 1, 1, 1, 1, 1, 1, 1, 1, 1, 1, 1, 1, 1, 1, 1, 1, 1, 1, 1, 1, 1, 1, 1, 1, 1, 1, 1, 1, 1, 1, 1, 1, 1, 1, 1, 1, 1, 1, 1, 1, 1, 1, 1, 1, 1, 1, 1, 1, 1, 1, 1, 1, 1, 1, 1, 1, 1, 1, 1, 1, 1, 1, 1, 1, 1, 1, 1, 1, 1, 1, 1, 1, 1, 1, 1, 1, 1, 1, 1, 1, 1, 1, 1, 1, 1, 1, 1, 1, 1, 1, 1, 1, 1, 1, 1, 1, 1, 1, 1, 1, 1, 1, 1, 1, 1, 1, 1, 1, 1, 1, 1, 1, 1, 1, 1];
obj = 1;
% time elapsed: 4.40 s
----------
==========
% time elapsed: 4.40 s
