diaSesion = 
5 8 9 12 13 14 16 17
5 8 9 12 13 14 16 17
4 7 8 11 12 13 15 16
3 6 7 10 11 12 14 15
7 10 11 14 15 16 18 19
7 8 10 12 13 16 17 20
4 5 7 8 10 11 13 15
7 8 10 12 13 16 17 20
7 8 10 12 13 16 17 20
7 8 10 12 13 16 17 20
1 2 4 6 7 10 11 14
8 11 12 15 16 17 19 20
8 11 12 15 16 17 19 20
6 9 10 13 14 15 17 18
6 9 10 13 14 15 17 18
;
SalaDia = [1, 1, 1, 1, 1, 1, 1, 1, 1, 1, 1, 1, 1, 1, 1, 1, 1, 1, 1, 1, 1, 1, 1, 1, 1, 1, 1, 1, 1, 1, 1, 1, 1, 1, 1, 1, 1, 1, 1, 1, 1, 1, 1, 1, 1, 1, 1, 1, 1, 1, 1, 1, 1, 1, 1, 1, 1, 1, 1, 1, 1, 1, 1, 1, 1, 1, 1, 1, 1, 1, 1, 1, 1, 1, 1, 1, 1, 1, 1, 1, 1, 1, 1, 1, 1, 1, 1, 1, 1, 1, 1, 1, 1, 1, 1, 1, 1, 1, 1, 1, 1, 1, 1, 1, 1, 1, 1, 1, 1, 1, 1, 1, 1, 1, 1, 1, 1, 1, 1, 1];
obj = 0;
% time elapsed: 157.96 s
----------
==========
% time elapsed: 157.96 s
