diaSesion = 
3 5 6 9 10 11 13 15
3 5 6 9 10 11 13 15
2 4 5 8 9 10 12 14
1 5 6 9 10 11 13 15
3 5 6 9 10 11 13 15
3 6 7 11 12 13 15 17
3 5 6 9 10 11 13 15
6 8 9 12 13 14 16 18
6 9 11 14 15 16 18 20
6 8 9 12 13 14 16 18
6 7 9 11 13 14 16 18
8 11 11 14 15 16 18 20
6 9 11 14 15 16 18 20
8 11 12 15 16 17 19 20
8 11 12 14 15 16 18 20
;
SalaDia = [1, 1, 1, 1, 1, 1, 1, 1, 1, 1, 1, 1, 1, 1, 1, 1, 1, 1, 1, 1, 1, 1, 1, 1, 1, 1, 1, 1, 1, 1, 1, 1, 1, 1, 1, 1, 1, 1, 1, 1, 1, 1, 1, 1, 1, 1, 1, 1, 1, 1, 1, 1, 1, 1, 1, 1, 1, 1, 1, 1, 1, 1, 1, 1, 1, 1, 1, 1, 1, 1, 1, 1, 1, 1, 1, 1, 1, 1, 1, 1, 1, 1, 1, 1, 1, 1, 1, 1, 1, 1, 1, 1, 1, 1, 1, 1, 1, 1, 1, 1, 1, 1, 1, 1, 1, 1, 1, 1, 1, 1, 1, 1, 1, 1, 1, 1, 1, 1, 1, 1];
obj = 1;
% time elapsed: 25.21 s
----------
==========
% time elapsed: 25.21 s
