diaSesion = 
3 6 7 10 11 14 15 18
9 10 12 14 15 16 18 20
2 3 5 7 8 9 11 13
1 2 4 6 7 8 10 12
7 10 11 14 15 16 18 19
7 10 11 14 15 16 18 19
8 9 11 13 14 15 17 19
7 8 10 12 13 14 16 18
7 8 10 12 13 14 16 18
6 7 9 11 12 13 15 17
2 5 6 9 10 13 14 17
6 7 9 11 12 13 15 17
5 6 8 10 11 12 14 16
8 11 12 15 16 17 19 20
6 9 10 13 14 15 17 18
;
SalaDia = [1, 1, 1, 1, 1, 1, 1, 1, 1, 1, 1, 1, 1, 1, 1, 1, 1, 1, 1, 1, 1, 1, 1, 1, 1, 1, 1, 1, 1, 1, 1, 1, 1, 1, 1, 1, 1, 1, 1, 1, 1, 1, 1, 1, 1, 1, 1, 1, 1, 1, 1, 1, 1, 1, 1, 1, 1, 1, 1, 1, 1, 1, 1, 1, 1, 1, 1, 1, 1, 1, 1, 1, 1, 1, 1, 1, 1, 1, 1, 1, 1, 1, 1, 1, 1, 1, 1, 1, 1, 1, 1, 1, 1, 1, 1, 1, 1, 1, 1, 1, 1, 1, 1, 1, 1, 1, 1, 1, 1, 1, 1, 1, 1, 1, 1, 1, 1, 1, 1, 1];
obj = 0;
% time elapsed: 2.65 s
----------
==========
% time elapsed: 2.65 s
