diaSesion = 
9 10 12 12 14 15 17 19
8 10 12 13 15 16 18 20
6 7 9 11 13 14 16 18
8 10 12 13 15 16 18 19
8 9 11 12 15 16 18 19
6 7 10 11 13 14 16 17
1 2 4 6 8 9 11 12
7 9 11 12 14 15 17 19
6 7 10 11 13 14 16 18
9 11 13 14 16 17 19 20
9 11 13 14 16 17 19 20
6 7 10 11 13 14 16 17
9 10 12 13 15 16 18 20
5 6 8 9 11 12 13 15
1 1 3 4 6 7 9 11
;
SalaDia = [1, 1, 1, 1, 1, 1, 1, 1, 1, 1, 1, 1, 1, 1, 1, 1, 1, 1, 1, 1, 1, 1, 1, 1, 1, 1, 1, 1, 1, 1, 1, 1, 1, 1, 1, 1, 1, 1, 1, 1, 1, 1, 1, 1, 1, 1, 1, 1, 1, 1, 1, 1, 1, 1, 1, 1, 1, 1, 1, 1, 1, 1, 1, 1, 1, 1, 1, 1, 1, 1, 1, 1, 1, 1, 1, 1, 1, 1, 1, 1, 1, 1, 1, 1, 1, 1, 1, 1, 1, 1, 1, 1, 1, 1, 1, 1, 1, 1, 1, 1, 1, 1, 1, 1, 1, 1, 1, 1, 1, 1, 1, 1, 1, 1, 1, 1, 1, 1, 1, 1];
obj = 1;
% time elapsed: 1206.27 s
----------
==========
% time elapsed: 1206.27 s
