diaSesion = 
3 6 7 10 11 12 14 15
2 5 6 9 10 11 13 14
1 4 5 8 9 10 12 13
4 7 8 11 12 13 15 16
4 7 8 11 12 13 15 16
4 7 8 11 12 13 15 16
4 7 8 11 12 13 15 16
5 8 9 12 13 14 16 17
4 7 8 11 12 13 15 16
5 8 9 12 13 14 16 17
5 8 9 12 13 14 16 17
6 9 10 13 14 15 17 18
6 9 10 13 14 15 17 18
6 9 10 13 14 15 17 18
8 11 12 15 16 17 19 20
;
SalaDia = [1, 1, 1, 1, 1, 1, 1, 1, 1, 1, 1, 1, 1, 1, 1, 1, 1, 1, 1, 1, 1, 1, 1, 1, 1, 1, 1, 1, 1, 1, 1, 1, 1, 1, 1, 1, 1, 1, 1, 1, 1, 1, 1, 1, 1, 1, 1, 1, 1, 1, 1, 1, 1, 1, 1, 1, 1, 1, 1, 1, 1, 1, 1, 1, 1, 1, 1, 1, 1, 1, 1, 1, 1, 1, 1, 1, 1, 1, 1, 1, 1, 1, 1, 1, 1, 1, 1, 1, 1, 1, 1, 1, 1, 1, 1, 1, 1, 1, 1, 1, 1, 1, 1, 1, 1, 1, 1, 1, 1, 1, 1, 1, 1, 1, 1, 1, 1, 1, 1, 1];
obj = 0;
% time elapsed: 10.79 s
----------
==========
% time elapsed: 10.79 s
