diaSesion = 
2 4 5 8 9 12 13 16
1 3 4 7 8 11 12 15
2 6 7 10 11 12 14 16
2 6 7 10 11 12 14 16
3 6 6 9 10 13 14 17
3 7 8 11 12 13 15 17
3 7 8 11 12 15 16 19
4 7 7 10 11 14 15 18
7 10 11 13 14 15 17 19
7 10 11 13 14 15 17 19
7 9 10 13 14 15 17 19
4 7 8 11 11 14 15 18
6 8 9 12 13 16 17 20
6 8 9 12 13 16 17 20
6 8 9 12 13 16 17 20
;
SalaDia = [1, 1, 1, 1, 1, 1, 1, 1, 1, 1, 1, 1, 1, 1, 1, 1, 1, 1, 1, 1, 1, 1, 1, 1, 1, 1, 1, 1, 1, 1, 1, 1, 1, 1, 1, 1, 1, 1, 1, 1, 1, 1, 1, 1, 1, 1, 1, 1, 1, 1, 1, 1, 1, 1, 1, 1, 1, 1, 1, 1, 1, 1, 1, 1, 1, 1, 1, 1, 1, 1, 1, 1, 1, 1, 1, 1, 1, 1, 1, 1, 1, 1, 1, 1, 1, 1, 1, 1, 1, 1, 1, 1, 1, 1, 1, 1, 1, 1, 1, 1, 1, 1, 1, 1, 1, 1, 1, 1, 1, 1, 1, 1, 1, 1, 1, 1, 1, 1, 1, 1];
obj = 1;
% time elapsed: 17.06 s
----------
==========
% time elapsed: 17.06 s
