diaSesion = 
6 8 9 12 13 16 17 20
3 6 8 11 12 15 16 19
8 11 12 14 15 16 18 20
3 6 7 11 12 13 15 17
2 6 7 10 11 14 15 18
7 9 10 13 14 15 17 19
4 7 8 11 12 16 17 20
4 7 8 12 13 16 17 20
7 10 11 14 15 16 17 19
7 9 10 13 14 15 17 19
6 9 10 14 15 16 18 20
6 9 10 12 13 16 17 20
4 7 8 11 12 16 17 20
3 7 8 11 12 15 16 19
1 4 5 9 10 13 14 17
;
SalaDia = [1, 1, 1, 1, 1, 1, 1, 1, 1, 1, 1, 1, 1, 1, 1, 1, 1, 1, 1, 1, 1, 1, 1, 1, 1, 1, 1, 1, 1, 1, 1, 1, 1, 1, 1, 1, 1, 1, 1, 1, 1, 1, 1, 1, 1, 1, 1, 1, 1, 1, 1, 1, 1, 1, 1, 1, 1, 1, 1, 1, 1, 1, 1, 1, 1, 1, 1, 1, 1, 1, 1, 1, 1, 1, 1, 1, 1, 1, 1, 1, 1, 1, 1, 1, 1, 1, 1, 1, 1, 1, 1, 1, 1, 1, 1, 1, 1, 1, 1, 1, 1, 1, 1, 1, 1, 1, 1, 1, 1, 1, 1, 1, 1, 1, 1, 1, 1, 1, 1, 1];
obj = 1;
% time elapsed: 8.03 s
----------
==========
% time elapsed: 8.03 s
% [obj > 0]
