diaSesion = 
1 2 2 4 5 6 8 10
1 1 3 6 7 8 10 12
1 1 3 6 7 8 10 12
6 11 12 15 16 17 19 20
6 11 12 15 16 17 19 20
8 10 11 12 14 15 17 19
6 6 7 8 10 11 13 15
6 6 7 8 10 11 13 15
9 11 12 14 15 16 18 20
9 11 12 14 15 16 18 20
9 11 12 14 15 16 18 20
8 9 11 11 12 13 15 17
9 11 11 14 15 16 18 19
2 6 7 11 12 13 15 16
2 6 7 11 12 13 15 16
;
SalaDia = [1, 1, 1, 1, 1, 1, 1, 1, 1, 1, 1, 1, 1, 1, 1, 1, 1, 1, 1, 1, 1, 1, 1, 1, 1, 1, 1, 1, 1, 1, 1, 1, 1, 1, 1, 1, 1, 1, 1, 1, 1, 1, 1, 1, 1, 1, 1, 1, 1, 1, 1, 1, 1, 1, 1, 1, 1, 1, 1, 1, 1, 1, 1, 1, 1, 1, 1, 1, 1, 1, 1, 1, 1, 1, 1, 1, 1, 1, 1, 1, 1, 1, 1, 1, 1, 1, 1, 1, 1, 1, 1, 1, 1, 1, 1, 1, 1, 1, 1, 1, 1, 1, 1, 1, 1, 1, 1, 1, 1, 1, 1, 1, 1, 1, 1, 1, 1, 1, 1, 1];
obj = 2;
% time elapsed: 7201.29 s
----------
