diaSesion = 
6 7 8 11 12 15 16 19
6 7 8 11 12 15 16 19
9 11 13 14 16 16 18 20
8 10 12 13 14 15 17 19
8 10 11 12 14 15 17 19
8 10 11 12 14 15 17 19
9 11 12 13 15 16 18 20
6 7 8 11 12 15 16 19
3 4 5 8 9 12 13 16
2 6 8 11 12 15 16 19
1 6 7 10 11 14 15 18
7 7 8 9 11 12 14 16
6 9 11 12 14 15 17 19
6 9 11 12 14 15 17 19
9 11 13 14 16 16 18 20
;
SalaDia = [1, 1, 1, 1, 1, 1, 1, 1, 1, 1, 1, 1, 1, 1, 1, 1, 1, 1, 1, 1, 1, 1, 1, 1, 1, 1, 1, 1, 1, 1, 1, 1, 1, 1, 1, 1, 1, 1, 1, 1, 1, 1, 1, 1, 1, 1, 1, 1, 1, 1, 1, 1, 1, 1, 1, 1, 1, 1, 1, 1, 1, 1, 1, 1, 1, 1, 1, 1, 1, 1, 1, 1, 1, 1, 1, 1, 1, 1, 1, 1, 1, 1, 1, 1, 1, 1, 1, 1, 1, 1, 1, 1, 1, 1, 1, 1, 1, 1, 1, 1, 1, 1, 1, 1, 1, 1, 1, 1, 1, 1, 1, 1, 1, 1, 1, 1, 1, 1, 1, 1];
obj = 2;
% time elapsed: 7200.84 s
----------
