diaSesion = 
1 4 5 8 9 10 12 14
2 3 5 6 8 9 11 12
2 3 5 6 8 9 11 12
2 3 5 6 8 9 11 12
6 7 9 10 12 13 15 16
6 7 9 10 12 13 15 16
7 8 10 11 13 14 16 18
7 8 10 11 13 14 16 18
6 7 9 10 12 13 15 17
4 7 8 11 12 13 15 17
9 10 12 13 15 16 18 19
9 10 12 13 15 16 18 20
7 8 10 11 13 14 16 18
7 10 11 14 15 16 18 20
7 10 11 14 15 16 18 20
;
SalaDia = [1, 1, 1, 1, 1, 1, 1, 1, 1, 1, 1, 1, 1, 1, 1, 1, 1, 1, 1, 1, 1, 1, 1, 1, 1, 1, 1, 1, 1, 1, 1, 1, 1, 1, 1, 1, 1, 1, 1, 1, 1, 1, 1, 1, 1, 1, 1, 1, 1, 1, 1, 1, 1, 1, 1, 1, 1, 1, 1, 1, 1, 1, 1, 1, 1, 1, 1, 1, 1, 1, 1, 1, 1, 1, 1, 1, 1, 1, 1, 1, 1, 1, 1, 1, 1, 1, 1, 1, 1, 1, 1, 1, 1, 1, 1, 1, 1, 1, 1, 1, 1, 1, 1, 1, 1, 1, 1, 1, 1, 1, 1, 1, 1, 1, 1, 1, 1, 1, 1, 1];
obj = 0;
% time elapsed: 14.69 s
----------
==========
% time elapsed: 14.69 s
