diaSesion = 
6 9 10 13 14 15 17 18
5 8 9 12 13 14 16 17
4 7 8 11 12 13 15 16
6 9 10 13 14 15 17 18
6 9 10 13 14 15 17 18
4 7 8 11 12 13 15 16
4 7 8 11 12 13 15 16
4 7 8 11 12 13 15 16
4 7 8 11 12 13 15 16
5 8 9 12 13 14 16 17
2 5 6 9 10 11 13 14
8 11 12 15 16 17 19 20
1 4 5 8 9 10 12 13
5 8 9 12 13 14 16 17
3 6 7 10 11 12 14 15
;
SalaDia = [1, 1, 1, 1, 1, 1, 1, 1, 1, 1, 1, 1, 1, 1, 1, 1, 1, 1, 1, 1, 1, 1, 1, 1, 1, 1, 1, 1, 1, 1, 1, 1, 1, 1, 1, 1, 1, 1, 1, 1, 1, 1, 1, 1, 1, 1, 1, 1, 1, 1, 1, 1, 1, 1, 1, 1, 1, 1, 1, 1, 1, 1, 1, 1, 1, 1, 1, 1, 1, 1, 1, 1, 1, 1, 1, 1, 1, 1, 1, 1, 1, 1, 1, 1, 1, 1, 1, 1, 1, 1, 1, 1, 1, 1, 1, 1, 1, 1, 1, 1, 1, 1, 1, 1, 1, 1, 1, 1, 1, 1, 1, 1, 1, 1, 1, 1, 1, 1, 1, 1];
obj = 0;
% time elapsed: 2.32 s
----------
==========
% time elapsed: 2.33 s
