diaSesion = 
1 4 5 8 9 10 12 13
1 2 4 6 7 8 10 12
1 2 4 6 7 8 10 12
6 7 9 11 12 15 16 19
6 7 9 11 12 15 16 19
6 7 9 11 12 15 16 19
6 7 9 11 12 15 16 19
6 7 9 11 12 15 16 19
5 6 8 10 11 14 15 18
2 3 5 7 8 11 12 15
1 2 4 6 7 10 11 14
8 11 12 15 16 17 19 20
6 7 9 11 12 13 15 17
8 9 11 13 14 15 17 19
7 8 10 12 13 14 16 18
;
SalaDia = [1, 1, 1, 1, 1, 1, 1, 1, 1, 1, 1, 1, 1, 1, 1, 1, 1, 1, 1, 1, 1, 1, 1, 1, 1, 1, 1, 1, 1, 1, 1, 1, 1, 1, 1, 1, 1, 1, 1, 1, 1, 1, 1, 1, 1, 1, 1, 1, 1, 1, 1, 1, 1, 1, 1, 1, 1, 1, 1, 1, 1, 1, 1, 1, 1, 1, 1, 1, 1, 1, 1, 1, 1, 1, 1, 1, 1, 1, 1, 1, 1, 1, 1, 1, 1, 1, 1, 1, 1, 1, 1, 1, 1, 1, 1, 1, 1, 1, 1, 1, 1, 1, 1, 1, 1, 1, 1, 1, 1, 1, 1, 1, 1, 1, 1, 1, 1, 1, 1, 1];
obj = 0;
% time elapsed: 21.64 s
----------
==========
% time elapsed: 21.65 s
