diaSesion = 
4 7 8 11 12 13 15 17
8 9 11 12 14 15 17 18
7 8 10 11 13 14 16 17
6 7 9 10 12 13 15 16
9 10 12 13 15 16 18 19
9 10 12 13 15 16 18 19
9 10 12 13 15 16 18 20
9 10 12 13 15 16 18 20
9 10 12 13 15 16 18 20
5 8 9 12 13 14 16 18
2 3 5 6 8 9 11 12
7 8 10 11 13 14 16 18
1 2 4 5 7 8 10 12
7 10 11 14 15 16 18 20
7 10 11 14 15 16 18 20
;
SalaDia = [1, 1, 1, 1, 1, 1, 1, 1, 1, 1, 1, 1, 1, 1, 1, 1, 1, 1, 1, 1, 1, 1, 1, 1, 1, 1, 1, 1, 1, 1, 1, 1, 1, 1, 1, 1, 1, 1, 1, 1, 1, 1, 1, 1, 1, 1, 1, 1, 1, 1, 1, 1, 1, 1, 1, 1, 1, 1, 1, 1, 1, 1, 1, 1, 1, 1, 1, 1, 1, 1, 1, 1, 1, 1, 1, 1, 1, 1, 1, 1, 1, 1, 1, 1, 1, 1, 1, 1, 1, 1, 1, 1, 1, 1, 1, 1, 1, 1, 1, 1, 1, 1, 1, 1, 1, 1, 1, 1, 1, 1, 1, 1, 1, 1, 1, 1, 1, 1, 1, 1];
obj = 0;
% time elapsed: 1181.64 s
----------
==========
% time elapsed: 1181.65 s
