diaSesion = 
8 11 12 15 16 17 19 20
8 9 11 13 14 15 17 19
8 9 11 13 14 15 17 19
7 8 10 12 13 16 17 20
7 8 10 12 13 16 17 20
6 7 9 11 12 15 16 19
5 6 8 10 11 14 15 18
3 4 6 8 9 12 13 16
1 2 4 6 7 10 11 14
1 2 4 6 7 10 11 14
1 2 4 6 7 10 11 14
2 5 6 9 10 11 13 14
8 9 11 13 14 15 17 19
6 7 9 11 12 13 15 17
6 7 9 11 12 13 15 17
;
SalaDia = [1, 1, 1, 1, 1, 1, 1, 1, 1, 1, 1, 1, 1, 1, 1, 1, 1, 1, 1, 1, 1, 1, 1, 1, 1, 1, 1, 1, 1, 1, 1, 1, 1, 1, 1, 1, 1, 1, 1, 1, 1, 1, 1, 1, 1, 1, 1, 1, 1, 1, 1, 1, 1, 1, 1, 1, 1, 1, 1, 1, 1, 1, 1, 1, 1, 1, 1, 1, 1, 1, 1, 1, 1, 1, 1, 1, 1, 1, 1, 1, 1, 1, 1, 1, 1, 1, 1, 1, 1, 1, 1, 1, 1, 1, 1, 1, 1, 1, 1, 1, 1, 1, 1, 1, 1, 1, 1, 1, 1, 1, 1, 1, 1, 1, 1, 1, 1, 1, 1, 1];
obj = 0;
% time elapsed: 311.46 s
----------
==========
% time elapsed: 311.46 s
