diaSesion = 
2 4 6 7 9 11 13 15
2 3 6 8 9 10 12 12
6 7 9 10 12 13 16 17
7 8 10 12 13 14 16 19
9 11 12 14 15 16 18 20
1 2 4 6 8 10 12 14
1 2 4 6 8 10 12 14
8 10 11 12 14 15 17 19
5 6 10 11 13 14 16 18
9 11 13 14 15 16 18 19
8 10 12 14 15 16 18 19
7 10 12 14 15 16 18 19
6 7 11 13 14 15 17 18
6 6 8 11 12 13 15 16
9 10 12 12 15 16 18 20
;
SalaDia = [1, 1, 1, 1, 1, 1, 1, 1, 1, 1, 1, 1, 1, 1, 1, 1, 1, 1, 1, 1, 1, 1, 1, 1, 1, 1, 1, 1, 1, 1, 1, 1, 1, 1, 1, 1, 1, 1, 1, 1, 1, 1, 1, 1, 1, 1, 1, 1, 1, 1, 1, 1, 1, 1, 1, 1, 1, 1, 1, 1, 1, 1, 1, 1, 1, 1, 1, 1, 1, 1, 1, 1, 1, 1, 1, 1, 1, 1, 1, 1, 1, 1, 1, 1, 1, 1, 1, 1, 1, 1, 1, 1, 1, 1, 1, 1, 1, 1, 1, 1, 1, 1, 1, 1, 1, 1, 1, 1, 1, 1, 1, 1, 1, 1, 1, 1, 1, 1, 1, 1];
obj = 2;
% time elapsed: 7200.74 s
----------
