diaSesion = 
10 11 13 14 16 17 19 20
10 11 13 14 16 17 19 20
8 9 11 12 14 15 17 18
8 9 11 12 14 15 17 18
7 8 10 11 13 14 16 17
6 7 9 11 12 13 15 17
6 7 9 11 12 13 15 17
1 2 4 6 7 8 10 12
8 9 11 13 14 15 17 19
8 9 11 13 14 15 17 19
8 9 11 13 14 15 17 19
7 8 10 12 13 14 16 18
7 8 10 12 13 14 16 18
3 4 6 8 9 10 12 14
7 8 10 11 13 16 17 20
7 8 10 11 13 16 17 20
7 8 10 11 13 16 17 20
7 8 10 11 13 16 17 20
7 8 10 11 13 16 17 20
4 5 7 8 10 13 14 17
3 4 6 7 9 12 13 16
3 4 6 7 9 12 13 16
10 11 13 14 16 17 19 20
10 11 13 14 16 17 19 20
10 11 13 14 16 17 19 20
10 11 13 14 16 17 19 20
9 10 12 13 15 16 18 19
9 10 12 13 15 16 18 19
9 10 12 13 15 16 18 19
1 2 4 5 7 8 10 11
9 10 12 14 15 16 18 20
9 10 12 14 15 16 18 20
9 10 12 14 15 16 18 20
9 10 12 14 15 16 18 20
7 8 10 11 13 16 17 20
2 3 5 6 8 11 12 15
10 11 13 14 16 17 19 20
8 9 11 12 14 15 17 18
6 7 9 10 12 13 15 16
9 10 12 14 15 16 18 20
8 9 11 13 14 15 17 19
1 2 4 6 7 8 10 12
7 8 10 11 13 16 17 20
2 3 5 6 8 11 12 15
2 3 5 6 8 11 12 15
;
SalaDia = [2, 3, 1, 3, 1, 1, 1, 1, 2, 3, 3, 3, 2, 1, 1, 1, 3, 1, 2, 3, 3, 3, 1, 1, 3, 2, 3, 3, 3, 2, 1, 1, 3, 3, 1, 3, 3, 3, 3, 1, 3, 3, 1, 3, 3, 3, 2, 1, 3, 3, 2, 3, 2, 3, 1, 1, 3, 3, 3, 3, 2, 2, 3, 1, 1, 1, 1, 3, 3, 3, 1, 1, 3, 2, 2, 3, 1, 3, 1, 1, 3, 2, 3, 3, 2, 2, 1, 1, 2, 3, 3, 3, 3, 3, 1, 1, 3, 3, 2, 1, 1, 3, 3, 1, 3, 3, 3, 3, 3, 1, 3, 2, 2, 1, 2, 3, 3, 1, 1, 2, 2, 2, 1, 3, 3, 1, 1, 1, 2, 2, 2, 3, 3, 1, 1, 1, 2, 2, 3, 3, 3, 1, 1, 2, 2, 2, 3, 3, 3, 1, 1, 1, 1, 2, 3, 1, 2, 3, 3, 1, 3, 1, 3, 3, 1, 3, 1, 3, 3, 3, 3, 3, 1, 3, 1, 3, 1, 2, 2, 3, 1, 1, 1, 1, 2, 1, 2, 2, 1, 1, 1, 1, 1, 1, 2, 3, 1, 1, 1, 2, 2, 1, 1, 3, 1, 1, 1, 1, 3, 1, 3, 2, 2, 1, 1, 2, 3, 3, 3, 2, 3, 1, 1, 1, 3, 3, 3, 2, 2, 3, 1, 1, 1, 1, 3, 1, 3, 3, 2, 2, 2, 3, 2, 3, 3, 1, 1, 3, 1, 3, 3, 2, 1, 1, 1, 3, 1, 3, 1, 3, 3, 1, 2, 3, 3, 3, 3, 1, 3, 3, 3, 3, 3, 2, 2, 2, 1, 3, 2, 1, 3, 3, 3, 3, 3, 2, 2, 1, 2, 2, 2, 1, 3, 3, 1, 1, 2, 3, 1, 2, 1, 3, 2, 1, 1, 3, 2, 3, 2, 1, 3, 3, 2, 1, 3, 3, 3, 3, 1, 1, 3, 3, 1, 1, 1, 1, 3, 3, 2, 3, 2, 3, 1, 2, 1, 3, 2, 2, 3, 3, 3, 1, 2, 1, 2, 1, 3, 3, 3, 1, 1, 1, 3, 2, 2, 2, 3, 3, 2, 1];
obj = 0;
% time elapsed: 6781.09 s
----------
==========
% time elapsed: 6781.68 s
% [<UNKNOWN>]
