diaSesion = 
6 9 10 12 13 16 17 20
4 7 7 10 11 14 15 18
3 7 8 11 12 13 15 17
2 5 7 10 11 12 14 16
4 7 8 11 12 16 17 20
1 3 4 7 8 9 11 13
4 7 8 11 12 14 15 18
4 7 8 11 12 15 16 19
8 11 12 15 16 16 18 20
7 10 10 13 14 15 17 19
6 9 9 12 13 14 16 18
2 6 7 10 11 14 15 18
6 9 10 13 14 17 18 20
6 8 9 12 13 16 17 20
3 6 7 11 12 15 16 19
;
SalaDia = [1, 1, 1, 1, 1, 1, 1, 1, 1, 1, 1, 1, 1, 1, 1, 1, 1, 1, 1, 1, 1, 1, 1, 1, 1, 1, 1, 1, 1, 1, 1, 1, 1, 1, 1, 1, 1, 1, 1, 1, 1, 1, 1, 1, 1, 1, 1, 1, 1, 1, 1, 1, 1, 1, 1, 1, 1, 1, 1, 1, 1, 1, 1, 1, 1, 1, 1, 1, 1, 1, 1, 1, 1, 1, 1, 1, 1, 1, 1, 1, 1, 1, 1, 1, 1, 1, 1, 1, 1, 1, 1, 1, 1, 1, 1, 1, 1, 1, 1, 1, 1, 1, 1, 1, 1, 1, 1, 1, 1, 1, 1, 1, 1, 1, 1, 1, 1, 1, 1, 1];
obj = 1;
% time elapsed: 165.78 s
----------
==========
% time elapsed: 165.78 s
