diaSesion = 
8 9 11 12 14 15 17 19
8 9 11 12 14 15 17 19
8 9 11 12 14 15 17 19
8 9 11 12 14 15 17 19
8 9 11 12 14 15 17 19
8 9 11 12 14 15 17 19
8 9 11 12 14 15 17 19
5 6 8 9 11 12 14 16
4 7 8 11 12 13 15 17
3 6 7 10 11 12 14 16
1 4 5 8 9 10 12 14
8 9 11 12 14 15 17 18
8 9 11 12 14 15 17 18
8 9 11 12 14 15 17 18
8 9 11 12 14 15 17 18
8 9 11 12 14 15 17 18
8 9 11 12 14 15 17 18
8 9 11 12 14 15 17 18
5 6 8 9 11 12 14 15
7 10 11 14 15 16 18 20
7 10 11 14 15 16 18 20
7 10 11 14 15 16 18 20
3 6 7 10 11 12 14 16
9 10 12 13 15 16 18 19
9 10 12 13 15 16 18 19
9 10 12 13 15 16 18 19
8 9 11 12 14 15 17 18
2 3 5 6 8 9 11 12
1 2 4 5 7 8 10 11
9 10 12 13 15 16 18 20
8 9 11 12 14 15 17 19
1 2 4 5 7 8 10 12
7 10 11 14 15 16 18 20
7 10 11 14 15 16 18 20
4 7 8 11 12 13 15 17
2 3 5 6 8 9 11 12
7 10 11 14 15 16 18 20
4 7 8 11 12 13 15 17
10 11 13 14 16 17 19 20
10 11 13 14 16 17 19 20
10 11 13 14 16 17 19 20
8 9 11 12 14 15 17 18
8 9 11 12 14 15 17 18
8 9 11 12 14 15 17 18
6 7 9 10 12 13 15 16
;
SalaDia = [3, 3, 1, 1, 3, 2, 1, 1, 1, 3, 1, 1, 3, 3, 1, 1, 1, 3, 2, 2, 3, 2, 1, 1, 2, 3, 2, 1, 3, 3, 1, 1, 1, 1, 1, 3, 3, 3, 1, 1, 2, 2, 3, 2, 3, 3, 1, 2, 3, 3, 3, 3, 3, 3, 1, 1, 2, 1, 3, 2, 3, 2, 1, 1, 3, 1, 3, 3, 3, 3, 2, 1, 3, 2, 2, 3, 1, 3, 3, 1, 3, 1, 1, 3, 2, 3, 3, 3, 2, 1, 2, 1, 3, 3, 1, 1, 1, 1, 1, 3, 2, 3, 1, 1, 1, 1, 1, 3, 3, 2, 1, 1, 2, 1, 2, 3, 3, 3, 1, 1, 2, 3, 2, 3, 3, 3, 1, 1, 1, 3, 2, 3, 3, 3, 1, 1, 2, 2, 3, 3, 3, 3, 1, 1, 1, 3, 3, 3, 1, 2, 1, 2, 3, 3, 3, 2, 2, 1, 1, 1, 3, 3, 3, 3, 2, 1, 1, 1, 3, 1, 3, 1, 3, 1, 1, 1, 2, 3, 3, 2, 3, 3, 2, 1, 2, 2, 2, 3, 2, 1, 1, 1, 1, 2, 1, 3, 2, 1, 1, 1, 3, 1, 2, 3, 2, 1, 1, 1, 2, 3, 1, 3, 2, 2, 1, 1, 3, 3, 3, 1, 1, 3, 3, 1, 1, 1, 3, 2, 3, 3, 1, 1, 1, 1, 2, 3, 2, 1, 1, 1, 2, 2, 3, 3, 3, 2, 1, 1, 2, 2, 2, 3, 3, 3, 2, 2, 3, 2, 1, 2, 3, 1, 1, 1, 2, 2, 3, 1, 3, 1, 1, 1, 3, 3, 1, 3, 1, 3, 2, 1, 3, 1, 3, 3, 1, 2, 3, 2, 1, 3, 3, 3, 3, 1, 1, 2, 3, 2, 3, 2, 3, 3, 2, 1, 3, 2, 3, 2, 1, 2, 1, 3, 3, 3, 3, 1, 1, 2, 1, 1, 1, 3, 1, 3, 2, 1, 3, 1, 3, 2, 1, 3, 2, 1, 1, 1, 3, 3, 1, 1, 2, 1, 3, 2, 3, 3, 2, 3, 2, 1, 1, 3, 3, 3, 1, 1, 3, 2, 3, 3];
obj = 0;
% time elapsed: 5778.74 s
----------
==========
% time elapsed: 5778.74 s
% [<UNKNOWN>]
