diaSesion = 
7 9 11 12 13 16 17 20
5 7 9 11 13 16 17 20
9 10 11 12 13 16 17 20
9 9 11 12 13 16 17 20
9 9 11 11 13 16 17 20
7 8 11 12 14 16 17 20
1 2 3 4 7 10 11 14
7 9 11 12 14 16 17 20
5 6 10 11 13 16 17 20
7 11 12 14 15 16 18 20
7 8 11 12 14 17 17 20
6 6 8 9 12 15 16 19
5 8 10 11 13 16 17 20
5 8 10 11 13 16 17 20
5 8 10 11 13 16 17 20
;
SalaDia = [1, 1, 1, 1, 1, 1, 1, 1, 1, 1, 1, 1, 1, 1, 1, 1, 1, 1, 1, 1, 1, 1, 1, 1, 1, 1, 1, 1, 1, 1, 1, 1, 1, 1, 1, 1, 1, 1, 1, 1, 1, 1, 1, 1, 1, 1, 1, 1, 1, 1, 1, 1, 1, 1, 1, 1, 1, 1, 1, 1, 1, 1, 1, 1, 1, 1, 1, 1, 1, 1, 1, 1, 1, 1, 1, 1, 1, 1, 1, 1, 1, 1, 1, 1, 1, 1, 1, 1, 1, 1, 1, 1, 1, 1, 1, 1, 1, 1, 1, 1, 1, 1, 1, 1, 1, 1, 1, 1, 1, 1, 1, 1, 1, 1, 1, 1, 1, 1, 1, 1];
obj = 2;
% time elapsed: 7200.48 s
----------
% Time limit exceeded!
