diaSesion = 
6 7 9 11 11 12 14 15
8 11 12 14 15 16 18 19
9 11 13 15 16 17 19 20
9 11 13 15 16 17 19 20
9 11 13 15 16 17 19 20
9 11 13 15 16 17 19 20
9 11 13 15 16 17 19 20
9 11 13 15 16 17 19 20
7 8 10 11 12 13 15 17
6 7 10 12 13 14 16 18
6 6 8 10 11 12 14 16
6 6 8 10 11 12 14 16
5 7 9 11 12 13 15 17
2 3 4 6 7 8 10 12
1 3 5 7 8 9 11 13
;
SalaDia = [1, 1, 1, 1, 1, 1, 1, 1, 1, 1, 1, 1, 1, 1, 1, 1, 1, 1, 1, 1, 1, 1, 1, 1, 1, 1, 1, 1, 1, 1, 1, 1, 1, 1, 1, 1, 1, 1, 1, 1, 1, 1, 1, 1, 1, 1, 1, 1, 1, 1, 1, 1, 1, 1, 1, 1, 1, 1, 1, 1, 1, 1, 1, 1, 1, 1, 1, 1, 1, 1, 1, 1, 1, 1, 1, 1, 1, 1, 1, 1, 1, 1, 1, 1, 1, 1, 1, 1, 1, 1, 1, 1, 1, 1, 1, 1, 1, 1, 1, 1, 1, 1, 1, 1, 1, 1, 1, 1, 1, 1, 1, 1, 1, 1, 1, 1, 1, 1, 1, 1];
obj = 1;
% time elapsed: 15.92 s
----------
==========
% time elapsed: 15.92 s
