diaSesion = 
8 9 11 13 14 15 18 19
9 12 12 15 16 17 19 20
3 6 7 11 12 13 15 16
9 11 13 15 16 17 19 20
9 11 13 15 16 17 19 20
8 10 12 14 15 16 18 19
6 8 10 12 13 14 16 17
6 7 10 12 13 14 16 17
6 7 10 12 13 14 16 17
6 7 10 12 13 14 16 17
5 6 8 11 12 13 15 16
8 11 12 15 16 17 19 20
7 11 12 15 16 17 19 20
9 11 13 15 16 17 19 20
1 2 4 6 7 8 11 12
;
SalaDia = [1, 1, 1, 1, 1, 1, 1, 1, 1, 1, 1, 1, 1, 1, 1, 1, 1, 1, 1, 1, 1, 1, 1, 1, 1, 1, 1, 1, 1, 1, 1, 1, 1, 1, 1, 1, 1, 1, 1, 1, 1, 1, 1, 1, 1, 1, 1, 1, 1, 1, 1, 1, 1, 1, 1, 1, 1, 1, 1, 1, 1, 1, 1, 1, 1, 1, 1, 1, 1, 1, 1, 1, 1, 1, 1, 1, 1, 1, 1, 1, 1, 1, 1, 1, 1, 1, 1, 1, 1, 1, 1, 1, 1, 1, 1, 1, 1, 1, 1, 1, 1, 1, 1, 1, 1, 1, 1, 1, 1, 1, 1, 1, 1, 1, 1, 1, 1, 1, 1, 1];
obj = 1;
% time elapsed: 4900.06 s
----------
==========
% time elapsed: 4900.22 s
