diaSesion = 
9 11 12 15 16 17 19 20
6 8 10 12 13 16 17 20
9 11 12 15 16 17 19 20
7 11 12 15 16 17 19 20
8 9 11 13 14 17 18 20
8 9 10 12 13 16 17 20
1 2 4 6 6 9 10 13
8 9 10 12 13 16 17 20
7 8 10 12 12 15 16 19
6 7 10 12 13 16 17 20
3 6 7 11 12 13 15 16
8 9 11 13 14 17 17 20
8 9 11 13 14 17 17 20
8 9 10 12 13 16 17 20
4 5 7 10 11 14 15 18
;
SalaDia = [1, 1, 1, 1, 1, 1, 1, 1, 1, 1, 1, 1, 1, 1, 1, 1, 1, 1, 1, 1, 1, 1, 1, 1, 1, 1, 1, 1, 1, 1, 1, 1, 1, 1, 1, 1, 1, 1, 1, 1, 1, 1, 1, 1, 1, 1, 1, 1, 1, 1, 1, 1, 1, 1, 1, 1, 1, 1, 1, 1, 1, 1, 1, 1, 1, 1, 1, 1, 1, 1, 1, 1, 1, 1, 1, 1, 1, 1, 1, 1, 1, 1, 1, 1, 1, 1, 1, 1, 1, 1, 1, 1, 1, 1, 1, 1, 1, 1, 1, 1, 1, 1, 1, 1, 1, 1, 1, 1, 1, 1, 1, 1, 1, 1, 1, 1, 1, 1, 1, 1];
obj = 1;
% time elapsed: 3.32 s
----------
==========
% time elapsed: 3.32 s
% [obj > 0]
