diaSesion = 
6 9 10 13 14 17 18 20
2 5 7 10 11 14 15 18
1 3 4 7 8 11 12 15
3 7 8 11 12 15 16 19
2 6 7 10 11 14 15 18
2 6 7 10 11 14 15 18
2 6 7 10 11 14 15 18
2 6 7 10 11 14 15 18
6 9 10 13 14 17 17 20
6 9 10 13 13 16 17 20
6 8 9 12 13 16 17 20
5 8 9 12 12 15 16 19
8 9 11 12 14 15 17 19
7 8 11 12 14 15 17 19
7 8 11 12 14 15 17 19
;
SalaDia = [1, 1, 1, 1, 1, 1, 1, 1, 1, 1, 1, 1, 1, 1, 1, 1, 1, 1, 1, 1, 1, 1, 1, 1, 1, 1, 1, 1, 1, 1, 1, 1, 1, 1, 1, 1, 1, 1, 1, 1, 1, 1, 1, 1, 1, 1, 1, 1, 1, 1, 1, 1, 1, 1, 1, 1, 1, 1, 1, 1, 1, 1, 1, 1, 1, 1, 1, 1, 1, 1, 1, 1, 1, 1, 1, 1, 1, 1, 1, 1, 1, 1, 1, 1, 1, 1, 1, 1, 1, 1, 1, 1, 1, 1, 1, 1, 1, 1, 1, 1, 1, 1, 1, 1, 1, 1, 1, 1, 1, 1, 1, 1, 1, 1, 1, 1, 1, 1, 1, 1];
obj = 1;
% time elapsed: 153.27 s
----------
==========
% time elapsed: 153.27 s
