diaSesion = 
1 1 3 4 6 7 9 11
1 2 4 5 6 7 9 10
1 2 4 6 8 9 11 13
9 11 13 15 16 17 19 20
6 7 10 12 13 14 16 18
6 6 8 10 11 12 14 16
4 6 8 10 11 12 14 16
8 10 12 13 15 16 18 20
6 8 10 11 13 14 16 18
9 11 13 15 16 17 19 20
9 11 13 15 16 17 19 20
8 10 12 14 15 16 18 19
6 7 10 12 13 14 16 17
6 7 10 12 13 14 16 17
8 10 12 13 15 16 18 20
;
SalaDia = [1, 1, 1, 1, 1, 1, 1, 1, 1, 1, 1, 1, 1, 1, 1, 1, 1, 1, 1, 1, 1, 1, 1, 1, 1, 1, 1, 1, 1, 1, 1, 1, 1, 1, 1, 1, 1, 1, 1, 1, 1, 1, 1, 1, 1, 1, 1, 1, 1, 1, 1, 1, 1, 1, 1, 1, 1, 1, 1, 1, 1, 1, 1, 1, 1, 1, 1, 1, 1, 1, 1, 1, 1, 1, 1, 1, 1, 1, 1, 1, 1, 1, 1, 1, 1, 1, 1, 1, 1, 1, 1, 1, 1, 1, 1, 1, 1, 1, 1, 1, 1, 1, 1, 1, 1, 1, 1, 1, 1, 1, 1, 1, 1, 1, 1, 1, 1, 1, 1, 1];
obj = 1;
% time elapsed: 1676.82 s
----------
==========
% time elapsed: 1676.82 s
