diaSesion = 
1 4 4 7 8 11 12 15
6 9 10 13 14 16 17 20
2 3 6 8 10 11 13 15
7 8 11 12 14 14 16 18
7 8 11 12 14 14 16 18
5 6 9 11 13 14 16 18
7 8 11 12 13 14 16 18
7 10 11 14 14 16 17 20
7 10 11 13 13 16 17 20
6 8 9 12 13 16 17 20
6 8 9 12 13 16 17 20
9 11 13 13 15 16 18 20
9 11 13 13 15 16 18 20
9 11 13 13 15 16 18 20
8 8 11 12 14 15 17 19
;
SalaDia = [1, 1, 1, 1, 1, 1, 1, 1, 1, 1, 1, 1, 1, 1, 1, 1, 1, 1, 1, 1, 1, 1, 1, 1, 1, 1, 1, 1, 1, 1, 1, 1, 1, 1, 1, 1, 1, 1, 1, 1, 1, 1, 1, 1, 1, 1, 1, 1, 1, 1, 1, 1, 1, 1, 1, 1, 1, 1, 1, 1, 1, 1, 1, 1, 1, 1, 1, 1, 1, 1, 1, 1, 1, 1, 1, 1, 1, 1, 1, 1, 1, 1, 1, 1, 1, 1, 1, 1, 1, 1, 1, 1, 1, 1, 1, 1, 1, 1, 1, 1, 1, 1, 1, 1, 1, 1, 1, 1, 1, 1, 1, 1, 1, 1, 1, 1, 1, 1, 1, 1];
obj = 2;
% time elapsed: 3929.61 s
----------
==========
% time elapsed: 3930.08 s
