diaSesion = 
3 7 8 11 12 15 16 19
3 6 7 11 12 15 16 19
1 5 6 9 10 13 14 17
6 9 10 13 14 17 18 20
6 9 10 12 13 16 17 20
6 8 9 12 13 16 17 20
2 6 7 10 11 14 15 18
2 6 7 10 11 14 15 18
6 9 9 12 13 16 17 20
5 7 8 11 12 15 16 19
4 8 9 12 13 16 17 20
2 6 7 10 11 14 15 18
8 10 12 13 15 16 18 20
8 10 12 13 15 16 18 20
7 8 11 12 14 15 17 19
;
SalaDia = [1, 1, 1, 1, 1, 1, 1, 1, 1, 1, 1, 1, 1, 1, 1, 1, 1, 1, 1, 1, 1, 1, 1, 1, 1, 1, 1, 1, 1, 1, 1, 1, 1, 1, 1, 1, 1, 1, 1, 1, 1, 1, 1, 1, 1, 1, 1, 1, 1, 1, 1, 1, 1, 1, 1, 1, 1, 1, 1, 1, 1, 1, 1, 1, 1, 1, 1, 1, 1, 1, 1, 1, 1, 1, 1, 1, 1, 1, 1, 1, 1, 1, 1, 1, 1, 1, 1, 1, 1, 1, 1, 1, 1, 1, 1, 1, 1, 1, 1, 1, 1, 1, 1, 1, 1, 1, 1, 1, 1, 1, 1, 1, 1, 1, 1, 1, 1, 1, 1, 1];
obj = 1;
% time elapsed: 11.84 s
----------
==========
% time elapsed: 11.84 s
% [obj > 0]
