diaSesion = 
8 10 12 14 15 16 18 19
6 7 7 9 10 11 13 15
1 2 4 8 9 10 12 14
7 11 12 15 15 16 18 19
3 6 6 9 11 12 14 15
7 10 12 13 15 16 18 20
7 7 10 11 13 14 16 18
6 8 10 12 14 15 17 19
6 9 11 13 14 15 17 19
6 8 11 13 14 15 17 19
6 8 11 13 14 15 17 19
2 2 5 7 8 9 11 13
6 11 12 15 16 17 19 20
9 12 13 16 17 18 18 19
6 11 12 15 16 17 19 20
;
SalaDia = [1, 1, 1, 1, 1, 1, 1, 1, 1, 1, 1, 1, 1, 1, 1, 1, 1, 1, 1, 1, 1, 1, 1, 1, 1, 1, 1, 1, 1, 1, 1, 1, 1, 1, 1, 1, 1, 1, 1, 1, 1, 1, 1, 1, 1, 1, 1, 1, 1, 1, 1, 1, 1, 1, 1, 1, 1, 1, 1, 1, 1, 1, 1, 1, 1, 1, 1, 1, 1, 1, 1, 1, 1, 1, 1, 1, 1, 1, 1, 1, 1, 1, 1, 1, 1, 1, 1, 1, 1, 1, 1, 1, 1, 1, 1, 1, 1, 1, 1, 1, 1, 1, 1, 1, 1, 1, 1, 1, 1, 1, 1, 1, 1, 1, 1, 1, 1, 1, 1, 1];
obj = 2;
% time elapsed: 7200.81 s
----------
% Time limit exceeded!
