diaSesion = 
8 10 12 14 15 16 18 20
3 4 7 9 10 11 13 15
6 7 9 11 13 14 16 18
8 9 12 14 15 16 18 20
8 8 10 12 13 14 16 18
7 8 11 13 14 15 17 19
8 9 11 14 15 16 18 20
8 9 11 14 15 16 18 20
6 7 8 10 11 12 14 16
5 6 9 11 12 13 15 17
1 2 4 6 7 9 11 13
8 10 12 14 15 16 18 19
7 7 9 11 12 13 15 17
6 7 10 12 13 14 16 18
9 10 12 14 15 16 17 19
;
SalaDia = [1, 1, 1, 1, 1, 1, 1, 1, 1, 1, 1, 1, 1, 1, 1, 1, 1, 1, 1, 1, 1, 1, 1, 1, 1, 1, 1, 1, 1, 1, 1, 1, 1, 1, 1, 1, 1, 1, 1, 1, 1, 1, 1, 1, 1, 1, 1, 1, 1, 1, 1, 1, 1, 1, 1, 1, 1, 1, 1, 1, 1, 1, 1, 1, 1, 1, 1, 1, 1, 1, 1, 1, 1, 1, 1, 1, 1, 1, 1, 1, 1, 1, 1, 1, 1, 1, 1, 1, 1, 1, 1, 1, 1, 1, 1, 1, 1, 1, 1, 1, 1, 1, 1, 1, 1, 1, 1, 1, 1, 1, 1, 1, 1, 1, 1, 1, 1, 1, 1, 1];
obj = 1;
% time elapsed: 7200.50 s
----------
% Time limit exceeded!
