diaSesion = 
6 9 11 14 15 16 18 20
6 8 9 12 13 14 16 18
5 9 10 13 14 15 17 19
3 6 8 11 12 13 15 17
2 5 7 10 11 12 14 16
8 11 12 15 16 17 18 20
3 6 7 11 12 13 15 17
6 8 9 12 13 14 16 18
4 8 9 12 13 14 16 18
1 5 6 9 10 11 13 15
6 7 9 11 13 14 16 18
6 9 9 12 13 14 16 18
5 9 10 13 14 15 17 19
5 8 10 13 14 15 17 19
3 7 8 11 12 13 15 17
;
SalaDia = [1, 1, 1, 1, 1, 1, 1, 1, 1, 1, 1, 1, 1, 1, 1, 1, 1, 1, 1, 1, 1, 1, 1, 1, 1, 1, 1, 1, 1, 1, 1, 1, 1, 1, 1, 1, 1, 1, 1, 1, 1, 1, 1, 1, 1, 1, 1, 1, 1, 1, 1, 1, 1, 1, 1, 1, 1, 1, 1, 1, 1, 1, 1, 1, 1, 1, 1, 1, 1, 1, 1, 1, 1, 1, 1, 1, 1, 1, 1, 1, 1, 1, 1, 1, 1, 1, 1, 1, 1, 1, 1, 1, 1, 1, 1, 1, 1, 1, 1, 1, 1, 1, 1, 1, 1, 1, 1, 1, 1, 1, 1, 1, 1, 1, 1, 1, 1, 1, 1, 1];
obj = 1;
% time elapsed: 16.87 s
----------
==========
% time elapsed: 16.87 s
% [obj > 0]
