diaSesion = 
6 9 10 13 14 15 17 19
8 9 11 12 14 15 17 18
2 3 5 6 8 9 11 12
2 3 5 6 8 9 11 12
7 8 10 11 13 14 16 17
3 4 6 7 9 10 12 13
7 8 10 11 13 14 16 18
6 7 9 10 12 13 15 17
1 2 4 5 7 8 10 12
6 9 10 13 14 15 17 19
7 8 10 11 13 14 16 17
9 10 12 13 15 16 18 20
8 9 11 12 14 15 17 19
7 10 11 14 15 16 18 20
7 10 11 14 15 16 18 20
;
SalaDia = [1, 1, 1, 1, 1, 1, 1, 1, 1, 1, 1, 1, 1, 1, 1, 1, 1, 1, 1, 1, 1, 1, 1, 1, 1, 1, 1, 1, 1, 1, 1, 1, 1, 1, 1, 1, 1, 1, 1, 1, 1, 1, 1, 1, 1, 1, 1, 1, 1, 1, 1, 1, 1, 1, 1, 1, 1, 1, 1, 1, 1, 1, 1, 1, 1, 1, 1, 1, 1, 1, 1, 1, 1, 1, 1, 1, 1, 1, 1, 1, 1, 1, 1, 1, 1, 1, 1, 1, 1, 1, 1, 1, 1, 1, 1, 1, 1, 1, 1, 1, 1, 1, 1, 1, 1, 1, 1, 1, 1, 1, 1, 1, 1, 1, 1, 1, 1, 1, 1, 1];
obj = 0;
% time elapsed: 173.72 s
----------
==========
% time elapsed: 173.72 s
