diaSesion = 
9 10 12 13 15 16 18 20
6 7 8 9 11 12 14 16
5 6 9 10 12 13 15 17
3 4 6 7 10 11 13 15
7 8 11 12 14 15 17 19
6 7 10 12 13 14 16 18
4 5 7 10 11 12 14 16
9 10 11 12 14 15 17 19
9 9 11 12 14 15 17 19
8 10 12 13 15 16 18 20
6 7 10 11 13 14 16 18
5 6 8 11 12 13 15 17
1 2 4 6 6 7 9 11
7 8 10 12 14 15 17 19
6 7 10 11 13 14 16 18
;
SalaDia = [1, 1, 1, 1, 1, 1, 1, 1, 1, 1, 1, 1, 1, 1, 1, 1, 1, 1, 1, 1, 1, 1, 1, 1, 1, 1, 1, 1, 1, 1, 1, 1, 1, 1, 1, 1, 1, 1, 1, 1, 1, 1, 1, 1, 1, 1, 1, 1, 1, 1, 1, 1, 1, 1, 1, 1, 1, 1, 1, 1, 1, 1, 1, 1, 1, 1, 1, 1, 1, 1, 1, 1, 1, 1, 1, 1, 1, 1, 1, 1, 1, 1, 1, 1, 1, 1, 1, 1, 1, 1, 1, 1, 1, 1, 1, 1, 1, 1, 1, 1, 1, 1, 1, 1, 1, 1, 1, 1, 1, 1, 1, 1, 1, 1, 1, 1, 1, 1, 1, 1];
obj = 1;
% time elapsed: 1780.28 s
----------
==========
% time elapsed: 1780.28 s
