diaSesion = 
7 8 11 13 14 15 17 19
6 7 9 10 11 12 14 16
8 9 11 13 13 14 16 18
8 9 11 13 15 16 18 20
6 7 9 11 12 13 15 16
4 6 8 10 11 12 14 16
7 8 11 13 14 15 17 19
6 7 10 12 13 14 16 18
1 2 4 6 7 8 11 13
8 9 11 13 14 15 17 19
6 7 9 11 12 12 14 16
6 8 10 12 13 14 16 17
2 3 6 8 9 10 12 14
2 3 5 7 9 10 12 14
6 7 10 12 13 14 16 18
;
SalaDia = [1, 1, 1, 1, 1, 1, 1, 1, 1, 1, 1, 1, 1, 1, 1, 1, 1, 1, 1, 1, 1, 1, 1, 1, 1, 1, 1, 1, 1, 1, 1, 1, 1, 1, 1, 1, 1, 1, 1, 1, 1, 1, 1, 1, 1, 1, 1, 1, 1, 1, 1, 1, 1, 1, 1, 1, 1, 1, 1, 1, 1, 1, 1, 1, 1, 1, 1, 1, 1, 1, 1, 1, 1, 1, 1, 1, 1, 1, 1, 1, 1, 1, 1, 1, 1, 1, 1, 1, 1, 1, 1, 1, 1, 1, 1, 1, 1, 1, 1, 1, 1, 1, 1, 1, 1, 1, 1, 1, 1, 1, 1, 1, 1, 1, 1, 1, 1, 1, 1, 1];
obj = 1;
% time elapsed: 528.84 s
----------
==========
% time elapsed: 528.84 s
