diaSesion = 
1 4 5 8 9 12 13 16
5 6 8 10 11 12 14 16
5 6 8 10 11 12 14 16
5 6 8 10 11 12 14 16
7 10 11 14 15 16 18 19
2 5 6 9 10 11 13 14
7 8 10 12 13 14 16 18
6 7 9 11 12 13 15 17
6 7 9 11 12 13 15 17
6 7 9 11 12 13 15 17
3 6 7 10 11 14 15 18
8 9 11 13 14 15 17 19
9 10 12 14 15 16 18 20
7 10 11 14 15 16 18 19
7 10 11 14 15 16 18 19
;
SalaDia = [1, 1, 1, 1, 1, 1, 1, 1, 1, 1, 1, 1, 1, 1, 1, 1, 1, 1, 1, 1, 1, 1, 1, 1, 1, 1, 1, 1, 1, 1, 1, 1, 1, 1, 1, 1, 1, 1, 1, 1, 1, 1, 1, 1, 1, 1, 1, 1, 1, 1, 1, 1, 1, 1, 1, 1, 1, 1, 1, 1, 1, 1, 1, 1, 1, 1, 1, 1, 1, 1, 1, 1, 1, 1, 1, 1, 1, 1, 1, 1, 1, 1, 1, 1, 1, 1, 1, 1, 1, 1, 1, 1, 1, 1, 1, 1, 1, 1, 1, 1, 1, 1, 1, 1, 1, 1, 1, 1, 1, 1, 1, 1, 1, 1, 1, 1, 1, 1, 1, 1];
obj = 0;
% time elapsed: 17.94 s
----------
==========
% time elapsed: 17.94 s
