diaSesion = 
1 2 3 5 6 7 9 10
8 11 12 15 16 16 18 19
9 11 13 15 16 17 19 20
9 11 13 15 16 17 19 20
9 11 13 15 16 17 19 20
9 11 13 15 16 17 19 20
6 7 10 12 13 14 16 17
4 5 7 10 11 12 14 15
6 7 10 12 13 14 16 18
6 7 10 12 13 14 16 18
8 9 12 14 15 16 18 20
8 9 12 14 15 16 18 20
8 9 12 14 15 16 18 20
8 9 11 13 15 16 18 20
7 8 11 13 14 15 17 19
;
SalaDia = [1, 1, 1, 1, 1, 1, 1, 1, 1, 1, 1, 1, 1, 1, 1, 1, 1, 1, 1, 1, 1, 1, 1, 1, 1, 1, 1, 1, 1, 1, 1, 1, 1, 1, 1, 1, 1, 1, 1, 1, 1, 1, 1, 1, 1, 1, 1, 1, 1, 1, 1, 1, 1, 1, 1, 1, 1, 1, 1, 1, 1, 1, 1, 1, 1, 1, 1, 1, 1, 1, 1, 1, 1, 1, 1, 1, 1, 1, 1, 1, 1, 1, 1, 1, 1, 1, 1, 1, 1, 1, 1, 1, 1, 1, 1, 1, 1, 1, 1, 1, 1, 1, 1, 1, 1, 1, 1, 1, 1, 1, 1, 1, 1, 1, 1, 1, 1, 1, 1, 1];
obj = 1;
% time elapsed: 4.82 s
----------
==========
% time elapsed: 4.82 s
% [obj > 0]
