diaSesion = 
1 3 4 7 8 11 12 15
5 5 7 9 10 11 13 15
2 3 6 8 9 10 12 14
2 6 7 10 11 14 15 18
2 6 7 10 11 14 15 18
6 6 8 10 11 12 14 16
6 6 8 10 11 12 14 16
6 6 8 10 11 12 14 16
7 8 9 11 12 13 15 17
7 7 9 11 12 13 15 17
6 8 10 12 13 14 16 18
6 8 9 12 13 16 17 20
6 8 9 12 13 16 17 20
8 9 11 12 13 14 16 18
7 8 11 13 14 15 17 19
;
SalaDia = [1, 1, 1, 1, 1, 1, 1, 1, 1, 1, 1, 1, 1, 1, 1, 1, 1, 1, 1, 1, 1, 1, 1, 1, 1, 1, 1, 1, 1, 1, 1, 1, 1, 1, 1, 1, 1, 1, 1, 1, 1, 1, 1, 1, 1, 1, 1, 1, 1, 1, 1, 1, 1, 1, 1, 1, 1, 1, 1, 1, 1, 1, 1, 1, 1, 1, 1, 1, 1, 1, 1, 1, 1, 1, 1, 1, 1, 1, 1, 1, 1, 1, 1, 1, 1, 1, 1, 1, 1, 1, 1, 1, 1, 1, 1, 1, 1, 1, 1, 1, 1, 1, 1, 1, 1, 1, 1, 1, 1, 1, 1, 1, 1, 1, 1, 1, 1, 1, 1, 1];
obj = 1;
% time elapsed: 14.60 s
----------
==========
% time elapsed: 14.60 s
