diaSesion = 
7 10 11 14 15 16 18 20
9 10 12 13 15 16 18 19
9 10 12 13 15 16 18 19
7 8 10 11 13 14 16 17
9 10 12 13 15 16 18 19
6 7 9 10 12 13 15 16
6 7 9 10 12 13 15 17
6 7 9 10 12 13 15 17
6 7 9 10 12 13 15 17
5 8 9 12 13 14 16 18
7 8 10 11 13 14 16 17
2 3 5 6 8 9 11 13
1 2 4 5 7 8 10 12
4 7 8 11 12 13 15 17
3 6 7 10 11 12 14 16
;
SalaDia = [1, 1, 1, 1, 1, 1, 1, 1, 1, 1, 1, 1, 1, 1, 1, 1, 1, 1, 1, 1, 1, 1, 1, 1, 1, 1, 1, 1, 1, 1, 1, 1, 1, 1, 1, 1, 1, 1, 1, 1, 1, 1, 1, 1, 1, 1, 1, 1, 1, 1, 1, 1, 1, 1, 1, 1, 1, 1, 1, 1, 1, 1, 1, 1, 1, 1, 1, 1, 1, 1, 1, 1, 1, 1, 1, 1, 1, 1, 1, 1, 1, 1, 1, 1, 1, 1, 1, 1, 1, 1, 1, 1, 1, 1, 1, 1, 1, 1, 1, 1, 1, 1, 1, 1, 1, 1, 1, 1, 1, 1, 1, 1, 1, 1, 1, 1, 1, 1, 1, 1];
obj = 0;
% time elapsed: 4.95 s
----------
==========
% time elapsed: 4.95 s
