diaSesion = 
2 3 4 7 8 11 12 15
1 4 6 10 11 14 15 18
9 11 13 13 15 16 18 20
6 8 11 12 14 15 17 19
6 8 11 12 14 15 17 19
6 7 8 10 12 13 15 17
8 10 12 13 14 15 17 19
7 8 9 12 13 16 17 20
6 8 9 12 12 15 16 19
6 7 8 11 12 15 16 19
5 8 9 11 12 16 17 20
9 11 13 14 16 17 19 20
9 11 13 14 16 17 19 20
7 7 10 11 13 14 16 18
9 11 13 13 15 16 18 20
;
SalaDia = [1, 1, 1, 1, 1, 1, 1, 1, 1, 1, 1, 1, 1, 1, 1, 1, 1, 1, 1, 1, 1, 1, 1, 1, 1, 1, 1, 1, 1, 1, 1, 1, 1, 1, 1, 1, 1, 1, 1, 1, 1, 1, 1, 1, 1, 1, 1, 1, 1, 1, 1, 1, 1, 1, 1, 1, 1, 1, 1, 1, 1, 1, 1, 1, 1, 1, 1, 1, 1, 1, 1, 1, 1, 1, 1, 1, 1, 1, 1, 1, 1, 1, 1, 1, 1, 1, 1, 1, 1, 1, 1, 1, 1, 1, 1, 1, 1, 1, 1, 1, 1, 1, 1, 1, 1, 1, 1, 1, 1, 1, 1, 1, 1, 1, 1, 1, 1, 1, 1, 1];
obj = 2;
% time elapsed: 7201.14 s
----------
% Time limit exceeded!
