diaSesion = 
4 7 7 10 11 12 14 16
3 6 8 11 12 13 15 17
3 6 8 11 12 13 15 17
3 6 8 11 12 13 15 17
5 7 8 11 12 13 15 17
6 9 11 14 15 16 18 20
3 6 6 9 10 11 13 15
3 6 8 11 12 13 15 17
6 9 9 12 13 14 16 18
5 7 8 11 12 13 15 17
6 7 9 11 13 14 16 18
5 8 9 12 13 15 17 19
2 6 7 10 11 12 14 16
7 10 11 13 14 15 17 19
1 5 6 9 10 11 13 15
;
SalaDia = [1, 1, 1, 1, 1, 1, 1, 1, 1, 1, 1, 1, 1, 1, 1, 1, 1, 1, 1, 1, 1, 1, 1, 1, 1, 1, 1, 1, 1, 1, 1, 1, 1, 1, 1, 1, 1, 1, 1, 1, 1, 1, 1, 1, 1, 1, 1, 1, 1, 1, 1, 1, 1, 1, 1, 1, 1, 1, 1, 1, 1, 1, 1, 1, 1, 1, 1, 1, 1, 1, 1, 1, 1, 1, 1, 1, 1, 1, 1, 1, 1, 1, 1, 1, 1, 1, 1, 1, 1, 1, 1, 1, 1, 1, 1, 1, 1, 1, 1, 1, 1, 1, 1, 1, 1, 1, 1, 1, 1, 1, 1, 1, 1, 1, 1, 1, 1, 1, 1, 1];
obj = 1;
% time elapsed: 381.50 s
----------
==========
% time elapsed: 381.50 s
