diaSesion = 
1 2 3 4 6 7 9 11
2 4 6 7 9 10 12 13
6 8 9 12 13 14 16 17
5 7 8 11 12 13 15 16
6 7 9 9 11 12 14 16
6 7 8 9 11 12 14 16
6 7 10 11 13 14 16 18
6 7 10 11 13 14 16 18
8 10 12 13 15 16 18 20
8 10 12 13 15 16 18 20
8 10 12 13 15 16 18 20
8 10 12 13 15 16 18 20
7 9 11 12 14 15 17 19
7 9 11 12 14 15 17 19
7 9 11 12 14 15 17 19
;
SalaDia = [1, 1, 1, 1, 1, 1, 1, 1, 1, 1, 1, 1, 1, 1, 1, 1, 1, 1, 1, 1, 1, 1, 1, 1, 1, 1, 1, 1, 1, 1, 1, 1, 1, 1, 1, 1, 1, 1, 1, 1, 1, 1, 1, 1, 1, 1, 1, 1, 1, 1, 1, 1, 1, 1, 1, 1, 1, 1, 1, 1, 1, 1, 1, 1, 1, 1, 1, 1, 1, 1, 1, 1, 1, 1, 1, 1, 1, 1, 1, 1, 1, 1, 1, 1, 1, 1, 1, 1, 1, 1, 1, 1, 1, 1, 1, 1, 1, 1, 1, 1, 1, 1, 1, 1, 1, 1, 1, 1, 1, 1, 1, 1, 1, 1, 1, 1, 1, 1, 1, 1];
obj = 1;
% time elapsed: 76.36 s
----------
==========
% time elapsed: 76.36 s
