diaSesion = 
3 5 6 9 10 11 13 15
3 5 6 9 10 11 13 15
3 5 6 9 10 11 13 15
2 6 7 10 11 12 14 16
7 10 11 14 14 15 17 19
5 7 8 11 12 13 15 17
5 7 8 11 12 13 15 17
5 7 8 11 12 13 15 17
6 9 11 14 15 16 18 20
6 8 9 12 13 14 16 18
6 7 10 11 13 14 16 18
6 9 11 14 15 16 18 20
6 9 9 12 13 14 16 18
6 8 9 12 13 14 16 18
1 3 4 7 8 9 11 13
;
SalaDia = [1, 1, 1, 1, 1, 1, 1, 1, 1, 1, 1, 1, 1, 1, 1, 1, 1, 1, 1, 1, 1, 1, 1, 1, 1, 1, 1, 1, 1, 1, 1, 1, 1, 1, 1, 1, 1, 1, 1, 1, 1, 1, 1, 1, 1, 1, 1, 1, 1, 1, 1, 1, 1, 1, 1, 1, 1, 1, 1, 1, 1, 1, 1, 1, 1, 1, 1, 1, 1, 1, 1, 1, 1, 1, 1, 1, 1, 1, 1, 1, 1, 1, 1, 1, 1, 1, 1, 1, 1, 1, 1, 1, 1, 1, 1, 1, 1, 1, 1, 1, 1, 1, 1, 1, 1, 1, 1, 1, 1, 1, 1, 1, 1, 1, 1, 1, 1, 1, 1, 1];
obj = 1;
% time elapsed: 70.79 s
----------
==========
% time elapsed: 70.80 s
