diaSesion = 
6 7 10 11 13 14 16 18
6 7 10 11 13 14 16 18
6 7 10 11 13 14 16 18
6 7 10 11 13 14 16 18
7 9 11 12 14 15 17 19
6 7 10 12 13 14 16 18
7 9 11 13 14 15 17 19
9 10 12 13 15 16 18 20
1 3 5 6 8 9 11 13
1 2 5 6 8 9 11 13
7 9 11 12 14 15 17 19
4 6 8 10 11 12 14 16
4 6 8 10 11 12 14 16
9 10 12 13 15 15 17 19
6 7 10 11 13 14 16 18
;
SalaDia = [1, 1, 1, 1, 1, 1, 1, 1, 1, 1, 1, 1, 1, 1, 1, 1, 1, 1, 1, 1, 1, 1, 1, 1, 1, 1, 1, 1, 1, 1, 1, 1, 1, 1, 1, 1, 1, 1, 1, 1, 1, 1, 1, 1, 1, 1, 1, 1, 1, 1, 1, 1, 1, 1, 1, 1, 1, 1, 1, 1, 1, 1, 1, 1, 1, 1, 1, 1, 1, 1, 1, 1, 1, 1, 1, 1, 1, 1, 1, 1, 1, 1, 1, 1, 1, 1, 1, 1, 1, 1, 1, 1, 1, 1, 1, 1, 1, 1, 1, 1, 1, 1, 1, 1, 1, 1, 1, 1, 1, 1, 1, 1, 1, 1, 1, 1, 1, 1, 1, 1];
obj = 1;
% time elapsed: 2893.44 s
----------
==========
% time elapsed: 2893.63 s
